---------- Linear ----------
params, R2(train), R2(test)
outer CV R2(train): 0.727, R2(test): 0.593
outer CV R2(train): 0.747, R2(test): 0.512
outer CV R2(train): 0.739, R2(test): 0.536
outer CV R2(train): 0.723, R2(test): 0.550
outer CV R2(train): 0.745, R2(test): 0.518
outer CV R2(train): 0.752, R2(test): 0.487
outer CV R2(train): 0.698, R2(test): 0.641
outer CV R2(train): 0.757, R2(test): 0.503
outer CV R2(train): 0.756, R2(test): 0.469
outer CV R2(train): 0.706, R2(test): 0.600
outer CV R2(train): 0.740, R2(test): 0.507
outer CV R2(train): 0.791, R2(test): 0.389
outer CV R2(train): 0.753, R2(test): 0.520
outer CV R2(train): 0.716, R2(test): 0.568
outer CV R2(train): 0.767, R2(test): 0.287
outer CV R2(train): 0.693, R2(test): 0.536
outer CV R2(train): 0.734, R2(test): 0.570
outer CV R2(train): 0.782, R2(test): 0.312
outer CV R2(train): 0.786, R2(test): 0.378
outer CV R2(train): 0.708, R2(test): 0.630
outer CV R2(train): 0.741, R2(test): 0.498
outer CV R2(train): 0.741, R2(test): 0.531
outer CV R2(train): 0.725, R2(test): 0.572
outer CV R2(train): 0.744, R2(test): 0.580
outer CV R2(train): 0.740, R2(test): 0.552
outer CV R2(train): 0.757, R2(test): 0.129
outer CV R2(train): 0.749, R2(test): 0.420
outer CV R2(train): 0.704, R2(test): 0.629
outer CV R2(train): 0.736, R2(test): 0.605
outer CV R2(train): 0.758, R2(test): 0.549
[Linear] total result: R2(train) 0.740, R2(test) 0.506
---------- Lasso ----------
params, R2(train), R2(test)
inner CV: R2(test, mean): 0.395, params: {'lasso__alpha': 0.1}, outer CV R2(train):0.591, R2(test):0.529
inner CV: R2(test, mean): 0.477, params: {'lasso__alpha': 0.01}, outer CV R2(train):0.743, R2(test):0.513
inner CV: R2(test, mean): 0.441, params: {'lasso__alpha': 0.1}, outer CV R2(train):0.651, R2(test):0.410
inner CV: R2(test, mean): 0.380, params: {'lasso__alpha': 0.1}, outer CV R2(train):0.595, R2(test):0.555
inner CV: R2(test, mean): 0.499, params: {'lasso__alpha': 0.1}, outer CV R2(train):0.641, R2(test):0.472
inner CV: R2(test, mean): 0.475, params: {'lasso__alpha': 0.01}, outer CV R2(train):0.748, R2(test):0.498
inner CV: R2(test, mean): 0.320, params: {'lasso__alpha': 0.1}, outer CV R2(train):0.560, R2(test):0.590
inner CV: R2(test, mean): 0.447, params: {'lasso__alpha': 0.1}, outer CV R2(train):0.640, R2(test):0.452
inner CV: R2(test, mean): 0.453, params: {'lasso__alpha': 0.01}, outer CV R2(train):0.752, R2(test):0.492
inner CV: R2(test, mean): 0.368, params: {'lasso__alpha': 0.1}, outer CV R2(train):0.571, R2(test):0.465
inner CV: R2(test, mean): 0.427, params: {'lasso__alpha': 0.1}, outer CV R2(train):0.615, R2(test):0.462
inner CV: R2(test, mean): 0.539, params: {'lasso__alpha': 0.1}, outer CV R2(train):0.692, R2(test):0.427
inner CV: R2(test, mean): 0.487, params: {'lasso__alpha': 0.01}, outer CV R2(train):0.750, R2(test):0.515
inner CV: R2(test, mean): 0.356, params: {'lasso__alpha': 0.1}, outer CV R2(train):0.575, R2(test):0.498
inner CV: R2(test, mean): 0.529, params: {'lasso__alpha': 0.1}, outer CV R2(train):0.681, R2(test):0.221
inner CV: R2(test, mean): 0.242, params: {'lasso__alpha': 0.1}, outer CV R2(train):0.518, R2(test):0.447
inner CV: R2(test, mean): 0.505, params: {'lasso__alpha': 0.1}, outer CV R2(train):0.645, R2(test):0.468
inner CV: R2(test, mean): 0.517, params: {'lasso__alpha': 0.01}, outer CV R2(train):0.776, R2(test):0.342
inner CV: R2(test, mean): 0.425, params: {'lasso__alpha': 0.01}, outer CV R2(train):0.780, R2(test):0.394
inner CV: R2(test, mean): 0.384, params: {'lasso__alpha': 0.1}, outer CV R2(train):0.607, R2(test):0.493
inner CV: R2(test, mean): 0.470, params: {'lasso__alpha': 0.1}, outer CV R2(train):0.618, R2(test):0.490
inner CV: R2(test, mean): 0.426, params: {'lasso__alpha': 0.1}, outer CV R2(train):0.621, R2(test):0.522
inner CV: R2(test, mean): 0.403, params: {'lasso__alpha': 0.1}, outer CV R2(train):0.599, R2(test):0.579
inner CV: R2(test, mean): 0.410, params: {'lasso__alpha': 0.1}, outer CV R2(train):0.629, R2(test):0.501
inner CV: R2(test, mean): 0.387, params: {'lasso__alpha': 0.1}, outer CV R2(train):0.588, R2(test):0.426
inner CV: R2(test, mean): 0.456, params: {'lasso__alpha': 0.1}, outer CV R2(train):0.642, R2(test):0.414
inner CV: R2(test, mean): 0.429, params: {'lasso__alpha': 0.1}, outer CV R2(train):0.618, R2(test):0.504
inner CV: R2(test, mean): 0.295, params: {'lasso__alpha': 0.1}, outer CV R2(train):0.574, R2(test):0.599
inner CV: R2(test, mean): 0.450, params: {'lasso__alpha': 0.1}, outer CV R2(train):0.624, R2(test):0.477
inner CV: R2(test, mean): 0.473, params: {'lasso__alpha': 0.1}, outer CV R2(train):0.641, R2(test):0.487
[Lasso] total result: R2(train) 0.643, R2(test) 0.475
---------- Ridge ----------
params, R2(train), R2(test)
inner CV: R2(test, mean): 0.394, params: {'ridge__alpha': 100}, outer CV R2(train):0.645, R2(test):0.555
inner CV: R2(test, mean): 0.478, params: {'ridge__alpha': 10}, outer CV R2(train):0.743, R2(test):0.516
inner CV: R2(test, mean): 0.407, params: {'ridge__alpha': 100}, outer CV R2(train):0.682, R2(test):0.447
inner CV: R2(test, mean): 0.361, params: {'ridge__alpha': 100}, outer CV R2(train):0.645, R2(test):0.526
inner CV: R2(test, mean): 0.491, params: {'ridge__alpha': 10}, outer CV R2(train):0.741, R2(test):0.527
inner CV: R2(test, mean): 0.483, params: {'ridge__alpha': 10}, outer CV R2(train):0.749, R2(test):0.490
inner CV: R2(test, mean): 0.293, params: {'ridge__alpha': 100}, outer CV R2(train):0.604, R2(test):0.632
inner CV: R2(test, mean): 0.442, params: {'ridge__alpha': 10}, outer CV R2(train):0.753, R2(test):0.508
inner CV: R2(test, mean): 0.456, params: {'ridge__alpha': 10}, outer CV R2(train):0.752, R2(test):0.496
inner CV: R2(test, mean): 0.338, params: {'ridge__alpha': 10}, outer CV R2(train):0.702, R2(test):0.593
inner CV: R2(test, mean): 0.393, params: {'ridge__alpha': 10}, outer CV R2(train):0.735, R2(test):0.529
inner CV: R2(test, mean): 0.499, params: {'ridge__alpha': 100}, outer CV R2(train):0.725, R2(test):0.445
inner CV: R2(test, mean): 0.490, params: {'ridge__alpha': 10}, outer CV R2(train):0.750, R2(test):0.520
inner CV: R2(test, mean): 0.387, params: {'ridge__alpha': 100}, outer CV R2(train):0.646, R2(test):0.467
inner CV: R2(test, mean): 0.473, params: {'ridge__alpha': 100}, outer CV R2(train):0.707, R2(test):0.264
inner CV: R2(test, mean): 0.289, params: {'ridge__alpha': 100}, outer CV R2(train):0.595, R2(test):0.513
inner CV: R2(test, mean): 0.480, params: {'ridge__alpha': 100}, outer CV R2(train):0.684, R2(test):0.458
inner CV: R2(test, mean): 0.511, params: {'ridge__alpha': 10}, outer CV R2(train):0.777, R2(test):0.333
inner CV: R2(test, mean): 0.418, params: {'ridge__alpha': 10}, outer CV R2(train):0.782, R2(test):0.389
inner CV: R2(test, mean): 0.398, params: {'ridge__alpha': 100}, outer CV R2(train):0.649, R2(test):0.451
inner CV: R2(test, mean): 0.460, params: {'ridge__alpha': 100}, outer CV R2(train):0.679, R2(test):0.406
inner CV: R2(test, mean): 0.430, params: {'ridge__alpha': 10}, outer CV R2(train):0.738, R2(test):0.548
inner CV: R2(test, mean): 0.381, params: {'ridge__alpha': 100}, outer CV R2(train):0.649, R2(test):0.568
inner CV: R2(test, mean): 0.434, params: {'ridge__alpha': 100}, outer CV R2(train):0.681, R2(test):0.480
inner CV: R2(test, mean): 0.382, params: {'ridge__alpha': 10}, outer CV R2(train):0.736, R2(test):0.543
inner CV: R2(test, mean): 0.456, params: {'ridge__alpha': 100}, outer CV R2(train):0.691, R2(test):0.372
inner CV: R2(test, mean): 0.427, params: {'ridge__alpha': 100}, outer CV R2(train):0.675, R2(test):0.454
inner CV: R2(test, mean): 0.310, params: {'ridge__alpha': 100}, outer CV R2(train):0.628, R2(test):0.585
inner CV: R2(test, mean): 0.415, params: {'ridge__alpha': 100}, outer CV R2(train):0.667, R2(test):0.507
inner CV: R2(test, mean): 0.473, params: {'ridge__alpha': 100}, outer CV R2(train):0.683, R2(test):0.476
[Ridge] total result: R2(train) 0.697, R2(test) 0.487
---------- ElasticNet ----------
params, R2(train), R2(test)
inner CV: R2(test, mean): 0.414, params: {'elasticnet__alpha': 0.1, 'elasticnet__l1_ratio': 0.4}, outer CV R2(train):0.666, R2(test):0.586
inner CV: R2(test, mean): 0.480, params: {'elasticnet__alpha': 0.1, 'elasticnet__l1_ratio': 0.2}, outer CV R2(train):0.718, R2(test):0.517
inner CV: R2(test, mean): 0.454, params: {'elasticnet__alpha': 0.1, 'elasticnet__l1_ratio': 0.6}, outer CV R2(train):0.688, R2(test):0.469
inner CV: R2(test, mean): 0.381, params: {'elasticnet__alpha': 0.1, 'elasticnet__l1_ratio': 0.8}, outer CV R2(train):0.619, R2(test):0.556
inner CV: R2(test, mean): 0.520, params: {'elasticnet__alpha': 0.1, 'elasticnet__l1_ratio': 0.5}, outer CV R2(train):0.684, R2(test):0.485
inner CV: R2(test, mean): 0.491, params: {'elasticnet__alpha': 0.1, 'elasticnet__l1_ratio': 0.2}, outer CV R2(train):0.726, R2(test):0.485
inner CV: R2(test, mean): 0.327, params: {'elasticnet__alpha': 0.1, 'elasticnet__l1_ratio': 0.6}, outer CV R2(train):0.604, R2(test):0.627
inner CV: R2(test, mean): 0.462, params: {'elasticnet__alpha': 0.1, 'elasticnet__l1_ratio': 0.2}, outer CV R2(train):0.732, R2(test):0.515
inner CV: R2(test, mean): 0.471, params: {'elasticnet__alpha': 0.1, 'elasticnet__l1_ratio': 0.2}, outer CV R2(train):0.734, R2(test):0.503
inner CV: R2(test, mean): 0.374, params: {'elasticnet__alpha': 0.1, 'elasticnet__l1_ratio': 0.6}, outer CV R2(train):0.619, R2(test):0.505
inner CV: R2(test, mean): 0.427, params: {'elasticnet__alpha': 0.1, 'elasticnet__l1_ratio': 1}, outer CV R2(train):0.615, R2(test):0.462
inner CV: R2(test, mean): 0.539, params: {'elasticnet__alpha': 0.1, 'elasticnet__l1_ratio': 1}, outer CV R2(train):0.692, R2(test):0.427
inner CV: R2(test, mean): 0.504, params: {'elasticnet__alpha': 0.1, 'elasticnet__l1_ratio': 0.2}, outer CV R2(train):0.730, R2(test):0.512
inner CV: R2(test, mean): 0.389, params: {'elasticnet__alpha': 1, 'elasticnet__l1_ratio': 0}, outer CV R2(train):0.635, R2(test):0.456
inner CV: R2(test, mean): 0.529, params: {'elasticnet__alpha': 0.1, 'elasticnet__l1_ratio': 1}, outer CV R2(train):0.681, R2(test):0.221
inner CV: R2(test, mean): 0.290, params: {'elasticnet__alpha': 1, 'elasticnet__l1_ratio': 0}, outer CV R2(train):0.582, R2(test):0.501
inner CV: R2(test, mean): 0.514, params: {'elasticnet__alpha': 0.1, 'elasticnet__l1_ratio': 0.6}, outer CV R2(train):0.681, R2(test):0.477
inner CV: R2(test, mean): 0.533, params: {'elasticnet__alpha': 0.1, 'elasticnet__l1_ratio': 0.2}, outer CV R2(train):0.754, R2(test):0.351
inner CV: R2(test, mean): 0.452, params: {'elasticnet__alpha': 0.1, 'elasticnet__l1_ratio': 0.2}, outer CV R2(train):0.761, R2(test):0.408
inner CV: R2(test, mean): 0.397, params: {'elasticnet__alpha': 1, 'elasticnet__l1_ratio': 0}, outer CV R2(train):0.640, R2(test):0.433
inner CV: R2(test, mean): 0.473, params: {'elasticnet__alpha': 0.1, 'elasticnet__l1_ratio': 0.6}, outer CV R2(train):0.671, R2(test):0.487
inner CV: R2(test, mean): 0.439, params: {'elasticnet__alpha': 0.1, 'elasticnet__l1_ratio': 0.6}, outer CV R2(train):0.657, R2(test):0.536
inner CV: R2(test, mean): 0.419, params: {'elasticnet__alpha': 0.1, 'elasticnet__l1_ratio': 0.6}, outer CV R2(train):0.651, R2(test):0.584
inner CV: R2(test, mean): 0.437, params: {'elasticnet__alpha': 1, 'elasticnet__l1_ratio': 0}, outer CV R2(train):0.671, R2(test):0.468
inner CV: R2(test, mean): 0.411, params: {'elasticnet__alpha': 0.1, 'elasticnet__l1_ratio': 0.5}, outer CV R2(train):0.667, R2(test):0.500
inner CV: R2(test, mean): 0.477, params: {'elasticnet__alpha': 0.1, 'elasticnet__l1_ratio': 0.4}, outer CV R2(train):0.717, R2(test):0.345
inner CV: R2(test, mean): 0.447, params: {'elasticnet__alpha': 0.1, 'elasticnet__l1_ratio': 0.4}, outer CV R2(train):0.696, R2(test):0.464
inner CV: R2(test, mean): 0.310, params: {'elasticnet__alpha': 1, 'elasticnet__l1_ratio': 0}, outer CV R2(train):0.617, R2(test):0.575
inner CV: R2(test, mean): 0.450, params: {'elasticnet__alpha': 0.1, 'elasticnet__l1_ratio': 1}, outer CV R2(train):0.624, R2(test):0.477
inner CV: R2(test, mean): 0.495, params: {'elasticnet__alpha': 0.1, 'elasticnet__l1_ratio': 0.5}, outer CV R2(train):0.692, R2(test):0.507
[ElasticNet] total result: R2(train) 0.674, R2(test) 0.481
---------- PolyRidge ----------
params, R2(train), R2(test)
inner CV: R2(test, mean): 0.304, params: {'polynomialfeatures__degree': 2, 'ridge__alpha': 100}, outer CV R2(train):0.874, R2(test):0.507
inner CV: R2(test, mean): 0.310, params: {'polynomialfeatures__degree': 2, 'ridge__alpha': 100}, outer CV R2(train):0.883, R2(test):0.318
inner CV: R2(test, mean): 0.332, params: {'polynomialfeatures__degree': 2, 'ridge__alpha': 100}, outer CV R2(train):0.883, R2(test):0.122
inner CV: R2(test, mean): 0.287, params: {'polynomialfeatures__degree': 2, 'ridge__alpha': 100}, outer CV R2(train):0.871, R2(test):0.312
inner CV: R2(test, mean): 0.328, params: {'polynomialfeatures__degree': 2, 'ridge__alpha': 100}, outer CV R2(train):0.857, R2(test):0.410
inner CV: R2(test, mean): 0.365, params: {'polynomialfeatures__degree': 2, 'ridge__alpha': 100}, outer CV R2(train):0.900, R2(test):0.347
inner CV: R2(test, mean): 0.232, params: {'polynomialfeatures__degree': 2, 'ridge__alpha': 100}, outer CV R2(train):0.862, R2(test):0.509
inner CV: R2(test, mean): 0.309, params: {'polynomialfeatures__degree': 2, 'ridge__alpha': 100}, outer CV R2(train):0.876, R2(test):0.482
inner CV: R2(test, mean): 0.359, params: {'polynomialfeatures__degree': 2, 'ridge__alpha': 100}, outer CV R2(train):0.888, R2(test):0.126
inner CV: R2(test, mean): 0.268, params: {'polynomialfeatures__degree': 2, 'ridge__alpha': 100}, outer CV R2(train):0.869, R2(test):0.364
inner CV: R2(test, mean): 0.310, params: {'polynomialfeatures__degree': 2, 'ridge__alpha': 100}, outer CV R2(train):0.877, R2(test):0.404
inner CV: R2(test, mean): 0.309, params: {'polynomialfeatures__degree': 2, 'ridge__alpha': 100}, outer CV R2(train):0.893, R2(test):0.313
inner CV: R2(test, mean): 0.328, params: {'polynomialfeatures__degree': 2, 'ridge__alpha': 100}, outer CV R2(train):0.888, R2(test):0.447
inner CV: R2(test, mean): 0.297, params: {'polynomialfeatures__degree': 2, 'ridge__alpha': 100}, outer CV R2(train):0.881, R2(test):0.187
inner CV: R2(test, mean): 0.395, params: {'polynomialfeatures__degree': 2, 'ridge__alpha': 100}, outer CV R2(train):0.892, R2(test):0.105
inner CV: R2(test, mean): 0.160, params: {'polynomialfeatures__degree': 2, 'ridge__alpha': 100}, outer CV R2(train):0.837, R2(test):0.260
inner CV: R2(test, mean): 0.360, params: {'polynomialfeatures__degree': 2, 'ridge__alpha': 100}, outer CV R2(train):0.881, R2(test):0.405
inner CV: R2(test, mean): 0.349, params: {'polynomialfeatures__degree': 2, 'ridge__alpha': 100}, outer CV R2(train):0.876, R2(test):0.307
inner CV: R2(test, mean): 0.270, params: {'polynomialfeatures__degree': 2, 'ridge__alpha': 100}, outer CV R2(train):0.864, R2(test):0.226
inner CV: R2(test, mean): 0.288, params: {'polynomialfeatures__degree': 2, 'ridge__alpha': 100}, outer CV R2(train):0.895, R2(test):0.444
inner CV: R2(test, mean): 0.343, params: {'polynomialfeatures__degree': 2, 'ridge__alpha': 100}, outer CV R2(train):0.875, R2(test):0.423
inner CV: R2(test, mean): 0.329, params: {'polynomialfeatures__degree': 2, 'ridge__alpha': 100}, outer CV R2(train):0.894, R2(test):0.318
inner CV: R2(test, mean): 0.287, params: {'polynomialfeatures__degree': 2, 'ridge__alpha': 100}, outer CV R2(train):0.865, R2(test):0.430
inner CV: R2(test, mean): 0.270, params: {'polynomialfeatures__degree': 2, 'ridge__alpha': 100}, outer CV R2(train):0.888, R2(test):0.383
inner CV: R2(test, mean): 0.335, params: {'polynomialfeatures__degree': 2, 'ridge__alpha': 100}, outer CV R2(train):0.881, R2(test):0.314
inner CV: R2(test, mean): 0.330, params: {'polynomialfeatures__degree': 2, 'ridge__alpha': 100}, outer CV R2(train):0.883, R2(test):0.139
inner CV: R2(test, mean): 0.374, params: {'polynomialfeatures__degree': 2, 'ridge__alpha': 100}, outer CV R2(train):0.899, R2(test):0.412
inner CV: R2(test, mean): 0.218, params: {'polynomialfeatures__degree': 2, 'ridge__alpha': 100}, outer CV R2(train):0.868, R2(test):0.463
inner CV: R2(test, mean): 0.316, params: {'polynomialfeatures__degree': 2, 'ridge__alpha': 100}, outer CV R2(train):0.891, R2(test):0.261
inner CV: R2(test, mean): 0.312, params: {'polynomialfeatures__degree': 2, 'ridge__alpha': 100}, outer CV R2(train):0.875, R2(test):0.377
[PolyRidge] total result: R2(train) 0.879, R2(test) 0.337
---------- RandomForest ----------
params, R2(train), R2(test)
inner CV: R2(test, mean): 0.428, params: {'randomforestregressor__max_depth': 5, 'randomforestregressor__min_samples_leaf': 1, 'randomforestregressor__n_estimators': 100}, outer CV R2(train):0.786, R2(test):0.590
inner CV: R2(test, mean): 0.411, params: {'randomforestregressor__max_depth': 10, 'randomforestregressor__min_samples_leaf': 2, 'randomforestregressor__n_estimators': 75}, outer CV R2(train):0.825, R2(test):0.516
inner CV: R2(test, mean): 0.452, params: {'randomforestregressor__max_depth': 15, 'randomforestregressor__min_samples_leaf': 1, 'randomforestregressor__n_estimators': 50}, outer CV R2(train):0.908, R2(test):0.171
inner CV: R2(test, mean): 0.460, params: {'randomforestregressor__max_depth': 5, 'randomforestregressor__min_samples_leaf': 1, 'randomforestregressor__n_estimators': 50}, outer CV R2(train):0.842, R2(test):0.471
inner CV: R2(test, mean): 0.489, params: {'randomforestregressor__max_depth': 5, 'randomforestregressor__min_samples_leaf': 1, 'randomforestregressor__n_estimators': 100}, outer CV R2(train):0.814, R2(test):0.448
inner CV: R2(test, mean): 0.469, params: {'randomforestregressor__max_depth': 15, 'randomforestregressor__min_samples_leaf': 1, 'randomforestregressor__n_estimators': 75}, outer CV R2(train):0.923, R2(test):0.271
inner CV: R2(test, mean): 0.398, params: {'randomforestregressor__max_depth': 10, 'randomforestregressor__min_samples_leaf': 1, 'randomforestregressor__n_estimators': 75}, outer CV R2(train):0.916, R2(test):0.580
inner CV: R2(test, mean): 0.441, params: {'randomforestregressor__max_depth': 5, 'randomforestregressor__min_samples_leaf': 1, 'randomforestregressor__n_estimators': 75}, outer CV R2(train):0.810, R2(test):0.451
inner CV: R2(test, mean): 0.436, params: {'randomforestregressor__max_depth': 10, 'randomforestregressor__min_samples_leaf': 1, 'randomforestregressor__n_estimators': 75}, outer CV R2(train):0.935, R2(test):0.472
inner CV: R2(test, mean): 0.359, params: {'randomforestregressor__max_depth': 5, 'randomforestregressor__min_samples_leaf': 1, 'randomforestregressor__n_estimators': 75}, outer CV R2(train):0.803, R2(test):0.505
inner CV: R2(test, mean): 0.385, params: {'randomforestregressor__max_depth': 15, 'randomforestregressor__min_samples_leaf': 2, 'randomforestregressor__n_estimators': 100}, outer CV R2(train):0.815, R2(test):0.571
inner CV: R2(test, mean): 0.504, params: {'randomforestregressor__max_depth': 10, 'randomforestregressor__min_samples_leaf': 1, 'randomforestregressor__n_estimators': 100}, outer CV R2(train):0.938, R2(test):0.424
inner CV: R2(test, mean): 0.478, params: {'randomforestregressor__max_depth': 10, 'randomforestregressor__min_samples_leaf': 1, 'randomforestregressor__n_estimators': 75}, outer CV R2(train):0.927, R2(test):0.433
inner CV: R2(test, mean): 0.363, params: {'randomforestregressor__max_depth': 10, 'randomforestregressor__min_samples_leaf': 1, 'randomforestregressor__n_estimators': 100}, outer CV R2(train):0.922, R2(test):0.550
inner CV: R2(test, mean): 0.535, params: {'randomforestregressor__max_depth': 15, 'randomforestregressor__min_samples_leaf': 1, 'randomforestregressor__n_estimators': 50}, outer CV R2(train):0.914, R2(test):0.292
inner CV: R2(test, mean): 0.285, params: {'randomforestregressor__max_depth': 5, 'randomforestregressor__min_samples_leaf': 1, 'randomforestregressor__n_estimators': 100}, outer CV R2(train):0.766, R2(test):0.505
inner CV: R2(test, mean): 0.472, params: {'randomforestregressor__max_depth': 15, 'randomforestregressor__min_samples_leaf': 1, 'randomforestregressor__n_estimators': 75}, outer CV R2(train):0.925, R2(test):0.510
inner CV: R2(test, mean): 0.529, params: {'randomforestregressor__max_depth': 5, 'randomforestregressor__min_samples_leaf': 1, 'randomforestregressor__n_estimators': 100}, outer CV R2(train):0.845, R2(test):0.382
inner CV: R2(test, mean): 0.430, params: {'randomforestregressor__max_depth': 5, 'randomforestregressor__min_samples_leaf': 1, 'randomforestregressor__n_estimators': 100}, outer CV R2(train):0.824, R2(test):0.387
inner CV: R2(test, mean): 0.417, params: {'randomforestregressor__max_depth': 15, 'randomforestregressor__min_samples_leaf': 1, 'randomforestregressor__n_estimators': 100}, outer CV R2(train):0.933, R2(test):0.477
inner CV: R2(test, mean): 0.453, params: {'randomforestregressor__max_depth': 15, 'randomforestregressor__min_samples_leaf': 2, 'randomforestregressor__n_estimators': 50}, outer CV R2(train):0.817, R2(test):0.490
inner CV: R2(test, mean): 0.439, params: {'randomforestregressor__max_depth': 10, 'randomforestregressor__min_samples_leaf': 2, 'randomforestregressor__n_estimators': 100}, outer CV R2(train):0.841, R2(test):0.480
inner CV: R2(test, mean): 0.362, params: {'randomforestregressor__max_depth': 10, 'randomforestregressor__min_samples_leaf': 1, 'randomforestregressor__n_estimators': 75}, outer CV R2(train):0.906, R2(test):0.627
inner CV: R2(test, mean): 0.419, params: {'randomforestregressor__max_depth': 15, 'randomforestregressor__min_samples_leaf': 2, 'randomforestregressor__n_estimators': 100}, outer CV R2(train):0.818, R2(test):0.529
inner CV: R2(test, mean): 0.417, params: {'randomforestregressor__max_depth': 10, 'randomforestregressor__min_samples_leaf': 1, 'randomforestregressor__n_estimators': 100}, outer CV R2(train):0.923, R2(test):0.430
inner CV: R2(test, mean): 0.454, params: {'randomforestregressor__max_depth': 5, 'randomforestregressor__min_samples_leaf': 1, 'randomforestregressor__n_estimators': 75}, outer CV R2(train):0.814, R2(test):0.373
inner CV: R2(test, mean): 0.459, params: {'randomforestregressor__max_depth': 15, 'randomforestregressor__min_samples_leaf': 1, 'randomforestregressor__n_estimators': 100}, outer CV R2(train):0.927, R2(test):0.485
inner CV: R2(test, mean): 0.345, params: {'randomforestregressor__max_depth': 10, 'randomforestregressor__min_samples_leaf': 1, 'randomforestregressor__n_estimators': 100}, outer CV R2(train):0.898, R2(test):0.591
inner CV: R2(test, mean): 0.460, params: {'randomforestregressor__max_depth': 10, 'randomforestregressor__min_samples_leaf': 1, 'randomforestregressor__n_estimators': 50}, outer CV R2(train):0.921, R2(test):0.486
inner CV: R2(test, mean): 0.438, params: {'randomforestregressor__max_depth': 5, 'randomforestregressor__min_samples_leaf': 1, 'randomforestregressor__n_estimators': 75}, outer CV R2(train):0.817, R2(test):0.560
[RandomForest] total result: R2(train) 0.868, R2(test) 0.469
---------- SVR ----------
params, R2(train), R2(test)
inner CV: R2(test, mean): 0.380, params: {'svr__C': 10, 'svr__epsilon': 0.5, 'svr__gamma': 'auto', 'svr__kernel': 'rbf'}, outer CV R2(train):0.798, R2(test):0.640
inner CV: R2(test, mean): 0.470, params: {'svr__C': 0.1, 'svr__epsilon': 0.5, 'svr__gamma': 'scale', 'svr__kernel': 'linear'}, outer CV R2(train):0.730, R2(test):0.459
inner CV: R2(test, mean): 0.480, params: {'svr__C': 10, 'svr__epsilon': 0.5, 'svr__gamma': 'auto', 'svr__kernel': 'rbf'}, outer CV R2(train):0.857, R2(test):0.392
inner CV: R2(test, mean): 0.431, params: {'svr__C': 10, 'svr__epsilon': 0.5, 'svr__gamma': 'auto', 'svr__kernel': 'rbf'}, outer CV R2(train):0.823, R2(test):0.548
inner CV: R2(test, mean): 0.507, params: {'svr__C': 10, 'svr__epsilon': 0.5, 'svr__gamma': 'auto', 'svr__kernel': 'rbf'}, outer CV R2(train):0.803, R2(test):0.512
inner CV: R2(test, mean): 0.464, params: {'svr__C': 0.1, 'svr__epsilon': 0.5, 'svr__gamma': 'scale', 'svr__kernel': 'linear'}, outer CV R2(train):0.730, R2(test):0.481
inner CV: R2(test, mean): 0.334, params: {'svr__C': 10, 'svr__epsilon': 0.5, 'svr__gamma': 'auto', 'svr__kernel': 'rbf'}, outer CV R2(train):0.809, R2(test):0.619
inner CV: R2(test, mean): 0.422, params: {'svr__C': 0.1, 'svr__epsilon': 0.5, 'svr__gamma': 'scale', 'svr__kernel': 'linear'}, outer CV R2(train):0.739, R2(test):0.493
inner CV: R2(test, mean): 0.485, params: {'svr__C': 10, 'svr__epsilon': 0.5, 'svr__gamma': 'auto', 'svr__kernel': 'rbf'}, outer CV R2(train):0.842, R2(test):0.452
inner CV: R2(test, mean): 0.344, params: {'svr__C': 10, 'svr__epsilon': 0.5, 'svr__gamma': 'auto', 'svr__kernel': 'rbf'}, outer CV R2(train):0.780, R2(test):0.612
inner CV: R2(test, mean): 0.424, params: {'svr__C': 100, 'svr__epsilon': 1.0, 'svr__gamma': 'auto', 'svr__kernel': 'rbf'}, outer CV R2(train):0.725, R2(test):0.430
inner CV: R2(test, mean): 0.528, params: {'svr__C': 10, 'svr__epsilon': 0.5, 'svr__gamma': 'auto', 'svr__kernel': 'rbf'}, outer CV R2(train):0.855, R2(test):0.383
inner CV: R2(test, mean): 0.512, params: {'svr__C': 10, 'svr__epsilon': 0.5, 'svr__gamma': 'auto', 'svr__kernel': 'rbf'}, outer CV R2(train):0.834, R2(test):0.457
inner CV: R2(test, mean): 0.406, params: {'svr__C': 100, 'svr__epsilon': 0.5, 'svr__gamma': 'auto', 'svr__kernel': 'rbf'}, outer CV R2(train):0.872, R2(test):0.446
inner CV: R2(test, mean): 0.539, params: {'svr__C': 10, 'svr__epsilon': 0.5, 'svr__gamma': 'auto', 'svr__kernel': 'rbf'}, outer CV R2(train):0.849, R2(test):0.179
inner CV: R2(test, mean): 0.302, params: {'svr__C': 10, 'svr__epsilon': 0.5, 'svr__gamma': 'auto', 'svr__kernel': 'rbf'}, outer CV R2(train):0.753, R2(test):0.467
inner CV: R2(test, mean): 0.507, params: {'svr__C': 10, 'svr__epsilon': 0.5, 'svr__gamma': 'auto', 'svr__kernel': 'rbf'}, outer CV R2(train):0.826, R2(test):0.468
inner CV: R2(test, mean): 0.503, params: {'svr__C': 0.1, 'svr__epsilon': 0.5, 'svr__gamma': 'scale', 'svr__kernel': 'linear'}, outer CV R2(train):0.754, R2(test):0.279
inner CV: R2(test, mean): 0.414, params: {'svr__C': 10, 'svr__epsilon': 0.5, 'svr__gamma': 'auto', 'svr__kernel': 'rbf'}, outer CV R2(train):0.829, R2(test):0.474
inner CV: R2(test, mean): 0.391, params: {'svr__C': 0.01, 'svr__epsilon': 0.5, 'svr__gamma': 'scale', 'svr__kernel': 'linear'}, outer CV R2(train):0.619, R2(test):0.390
inner CV: R2(test, mean): 0.490, params: {'svr__C': 10, 'svr__epsilon': 0.5, 'svr__gamma': 'auto', 'svr__kernel': 'rbf'}, outer CV R2(train):0.816, R2(test):0.336
inner CV: R2(test, mean): 0.431, params: {'svr__C': 100, 'svr__epsilon': 0.5, 'svr__gamma': 'auto', 'svr__kernel': 'rbf'}, outer CV R2(train):0.882, R2(test):0.482
inner CV: R2(test, mean): 0.368, params: {'svr__C': 0.1, 'svr__epsilon': 1.0, 'svr__gamma': 'scale', 'svr__kernel': 'linear'}, outer CV R2(train):0.683, R2(test):0.552
inner CV: R2(test, mean): 0.458, params: {'svr__C': 10, 'svr__epsilon': 0.5, 'svr__gamma': 'auto', 'svr__kernel': 'rbf'}, outer CV R2(train):0.833, R2(test):0.515
inner CV: R2(test, mean): 0.482, params: {'svr__C': 10, 'svr__epsilon': 0.5, 'svr__gamma': 'auto', 'svr__kernel': 'rbf'}, outer CV R2(train):0.825, R2(test):0.496
inner CV: R2(test, mean): 0.459, params: {'svr__C': 10, 'svr__epsilon': 0.5, 'svr__gamma': 'auto', 'svr__kernel': 'rbf'}, outer CV R2(train):0.830, R2(test):0.394
inner CV: R2(test, mean): 0.443, params: {'svr__C': 100, 'svr__epsilon': 0.5, 'svr__gamma': 'auto', 'svr__kernel': 'rbf'}, outer CV R2(train):0.884, R2(test):0.335
inner CV: R2(test, mean): 0.335, params: {'svr__C': 10, 'svr__epsilon': 0.5, 'svr__gamma': 'auto', 'svr__kernel': 'rbf'}, outer CV R2(train):0.803, R2(test):0.640
inner CV: R2(test, mean): 0.442, params: {'svr__C': 10, 'svr__epsilon': 0.5, 'svr__gamma': 'auto', 'svr__kernel': 'rbf'}, outer CV R2(train):0.823, R2(test):0.482
inner CV: R2(test, mean): 0.458, params: {'svr__C': 0.01, 'svr__epsilon': 0.5, 'svr__gamma': 'scale', 'svr__kernel': 'linear'}, outer CV R2(train):0.634, R2(test):0.378
[SVR] total result: R2(train) 0.795, R2(test) 0.460
---------- XGBoost ----------
params, R2(train), R2(test)
inner CV: R2(test, mean): 0.481, params: {'xgbregressor__colsample_bytree': 1.0, 'xgbregressor__learning_rate': 0.1, 'xgbregressor__max_depth': 2, 'xgbregressor__n_estimators': 100, 'xgbregressor__subsample': 1.0}, outer CV R2(train):0.817, R2(test):0.580
inner CV: R2(test, mean): 0.446, params: {'xgbregressor__colsample_bytree': 1.0, 'xgbregressor__learning_rate': 0.05, 'xgbregressor__max_depth': 2, 'xgbregressor__n_estimators': 100, 'xgbregressor__subsample': 0.6}, outer CV R2(train):0.741, R2(test):0.524
inner CV: R2(test, mean): 0.477, params: {'xgbregressor__colsample_bytree': 0.8, 'xgbregressor__learning_rate': 0.05, 'xgbregressor__max_depth': 2, 'xgbregressor__n_estimators': 100, 'xgbregressor__subsample': 0.6}, outer CV R2(train):0.776, R2(test):0.468
inner CV: R2(test, mean): 0.461, params: {'xgbregressor__colsample_bytree': 0.8, 'xgbregressor__learning_rate': 0.1, 'xgbregressor__max_depth': 2, 'xgbregressor__n_estimators': 50, 'xgbregressor__subsample': 0.8}, outer CV R2(train):0.767, R2(test):0.529
inner CV: R2(test, mean): 0.552, params: {'xgbregressor__colsample_bytree': 0.8, 'xgbregressor__learning_rate': 0.1, 'xgbregressor__max_depth': 2, 'xgbregressor__n_estimators': 100, 'xgbregressor__subsample': 0.8}, outer CV R2(train):0.838, R2(test):0.460
inner CV: R2(test, mean): 0.507, params: {'xgbregressor__colsample_bytree': 1.0, 'xgbregressor__learning_rate': 0.05, 'xgbregressor__max_depth': 2, 'xgbregressor__n_estimators': 200, 'xgbregressor__subsample': 0.6}, outer CV R2(train):0.835, R2(test):0.434
inner CV: R2(test, mean): 0.394, params: {'xgbregressor__colsample_bytree': 1.0, 'xgbregressor__learning_rate': 0.05, 'xgbregressor__max_depth': 2, 'xgbregressor__n_estimators': 100, 'xgbregressor__subsample': 0.8}, outer CV R2(train):0.733, R2(test):0.632
inner CV: R2(test, mean): 0.487, params: {'xgbregressor__colsample_bytree': 1.0, 'xgbregressor__learning_rate': 0.05, 'xgbregressor__max_depth': 2, 'xgbregressor__n_estimators': 100, 'xgbregressor__subsample': 0.6}, outer CV R2(train):0.776, R2(test):0.468
inner CV: R2(test, mean): 0.498, params: {'xgbregressor__colsample_bytree': 1.0, 'xgbregressor__learning_rate': 0.1, 'xgbregressor__max_depth': 2, 'xgbregressor__n_estimators': 200, 'xgbregressor__subsample': 1.0}, outer CV R2(train):0.887, R2(test):0.465
inner CV: R2(test, mean): 0.389, params: {'xgbregressor__colsample_bytree': 1.0, 'xgbregressor__learning_rate': 0.05, 'xgbregressor__max_depth': 2, 'xgbregressor__n_estimators': 100, 'xgbregressor__subsample': 0.6}, outer CV R2(train):0.709, R2(test):0.541
inner CV: R2(test, mean): 0.430, params: {'xgbregressor__colsample_bytree': 0.8, 'xgbregressor__learning_rate': 0.05, 'xgbregressor__max_depth': 2, 'xgbregressor__n_estimators': 100, 'xgbregressor__subsample': 0.6}, outer CV R2(train):0.755, R2(test):0.525
inner CV: R2(test, mean): 0.560, params: {'xgbregressor__colsample_bytree': 1.0, 'xgbregressor__learning_rate': 0.05, 'xgbregressor__max_depth': 2, 'xgbregressor__n_estimators': 200, 'xgbregressor__subsample': 0.6}, outer CV R2(train):0.855, R2(test):0.417
inner CV: R2(test, mean): 0.522, params: {'xgbregressor__colsample_bytree': 1.0, 'xgbregressor__learning_rate': 0.05, 'xgbregressor__max_depth': 2, 'xgbregressor__n_estimators': 200, 'xgbregressor__subsample': 0.6}, outer CV R2(train):0.841, R2(test):0.493
inner CV: R2(test, mean): 0.391, params: {'xgbregressor__colsample_bytree': 0.8, 'xgbregressor__learning_rate': 0.05, 'xgbregressor__max_depth': 5, 'xgbregressor__n_estimators': 100, 'xgbregressor__subsample': 0.6}, outer CV R2(train):0.934, R2(test):0.569
inner CV: R2(test, mean): 0.559, params: {'xgbregressor__colsample_bytree': 0.8, 'xgbregressor__learning_rate': 0.05, 'xgbregressor__max_depth': 2, 'xgbregressor__n_estimators': 100, 'xgbregressor__subsample': 0.6}, outer CV R2(train):0.790, R2(test):0.323
inner CV: R2(test, mean): 0.305, params: {'xgbregressor__colsample_bytree': 0.8, 'xgbregressor__learning_rate': 0.05, 'xgbregressor__max_depth': 2, 'xgbregressor__n_estimators': 100, 'xgbregressor__subsample': 0.6}, outer CV R2(train):0.696, R2(test):0.532
inner CV: R2(test, mean): 0.508, params: {'xgbregressor__colsample_bytree': 1.0, 'xgbregressor__learning_rate': 0.05, 'xgbregressor__max_depth': 2, 'xgbregressor__n_estimators': 100, 'xgbregressor__subsample': 0.6}, outer CV R2(train):0.770, R2(test):0.507
inner CV: R2(test, mean): 0.606, params: {'xgbregressor__colsample_bytree': 1.0, 'xgbregressor__learning_rate': 0.1, 'xgbregressor__max_depth': 2, 'xgbregressor__n_estimators': 100, 'xgbregressor__subsample': 1.0}, outer CV R2(train):0.857, R2(test):0.240
inner CV: R2(test, mean): 0.517, params: {'xgbregressor__colsample_bytree': 1.0, 'xgbregressor__learning_rate': 0.1, 'xgbregressor__max_depth': 2, 'xgbregressor__n_estimators': 100, 'xgbregressor__subsample': 1.0}, outer CV R2(train):0.849, R2(test):0.459
inner CV: R2(test, mean): 0.422, params: {'xgbregressor__colsample_bytree': 1.0, 'xgbregressor__learning_rate': 0.05, 'xgbregressor__max_depth': 2, 'xgbregressor__n_estimators': 100, 'xgbregressor__subsample': 0.6}, outer CV R2(train):0.751, R2(test):0.484
inner CV: R2(test, mean): 0.504, params: {'xgbregressor__colsample_bytree': 1.0, 'xgbregressor__learning_rate': 0.05, 'xgbregressor__max_depth': 2, 'xgbregressor__n_estimators': 100, 'xgbregressor__subsample': 0.6}, outer CV R2(train):0.764, R2(test):0.535
inner CV: R2(test, mean): 0.465, params: {'xgbregressor__colsample_bytree': 0.8, 'xgbregressor__learning_rate': 0.05, 'xgbregressor__max_depth': 2, 'xgbregressor__n_estimators': 100, 'xgbregressor__subsample': 0.6}, outer CV R2(train):0.758, R2(test):0.527
inner CV: R2(test, mean): 0.438, params: {'xgbregressor__colsample_bytree': 1.0, 'xgbregressor__learning_rate': 0.05, 'xgbregressor__max_depth': 2, 'xgbregressor__n_estimators': 200, 'xgbregressor__subsample': 0.6}, outer CV R2(train):0.811, R2(test):0.612
inner CV: R2(test, mean): 0.464, params: {'xgbregressor__colsample_bytree': 1.0, 'xgbregressor__learning_rate': 0.05, 'xgbregressor__max_depth': 2, 'xgbregressor__n_estimators': 100, 'xgbregressor__subsample': 0.8}, outer CV R2(train):0.767, R2(test):0.538
inner CV: R2(test, mean): 0.448, params: {'xgbregressor__colsample_bytree': 0.8, 'xgbregressor__learning_rate': 0.05, 'xgbregressor__max_depth': 5, 'xgbregressor__n_estimators': 100, 'xgbregressor__subsample': 0.6}, outer CV R2(train):0.936, R2(test):0.462
inner CV: R2(test, mean): 0.499, params: {'xgbregressor__colsample_bytree': 1.0, 'xgbregressor__learning_rate': 0.1, 'xgbregressor__max_depth': 2, 'xgbregressor__n_estimators': 50, 'xgbregressor__subsample': 0.6}, outer CV R2(train):0.769, R2(test):0.407
inner CV: R2(test, mean): 0.503, params: {'xgbregressor__colsample_bytree': 0.8, 'xgbregressor__learning_rate': 0.05, 'xgbregressor__max_depth': 2, 'xgbregressor__n_estimators': 100, 'xgbregressor__subsample': 0.6}, outer CV R2(train):0.766, R2(test):0.513
inner CV: R2(test, mean): 0.379, params: {'xgbregressor__colsample_bytree': 1.0, 'xgbregressor__learning_rate': 0.05, 'xgbregressor__max_depth': 2, 'xgbregressor__n_estimators': 100, 'xgbregressor__subsample': 0.6}, outer CV R2(train):0.728, R2(test):0.619
inner CV: R2(test, mean): 0.485, params: {'xgbregressor__colsample_bytree': 1.0, 'xgbregressor__learning_rate': 0.05, 'xgbregressor__max_depth': 5, 'xgbregressor__n_estimators': 100, 'xgbregressor__subsample': 0.6}, outer CV R2(train):0.935, R2(test):0.459
inner CV: R2(test, mean): 0.506, params: {'xgbregressor__colsample_bytree': 1.0, 'xgbregressor__learning_rate': 0.05, 'xgbregressor__max_depth': 2, 'xgbregressor__n_estimators': 100, 'xgbregressor__subsample': 0.6}, outer CV R2(train):0.778, R2(test):0.559
[XGBoost] total result: R2(train) 0.800, R2(test) 0.496
---------- LightGBM ----------
params, R2(train), R2(test)
inner CV: R2(test, mean): 0.178, params: {'lgbmregressor__colsample_bytree': 0.6, 'lgbmregressor__learning_rate': 0.1, 'lgbmregressor__max_depth': 3, 'lgbmregressor__n_estimators': 200, 'lgbmregressor__subsample': 0.6}, outer CV R2(train):0.725, R2(test):0.565
inner CV: R2(test, mean): 0.268, params: {'lgbmregressor__colsample_bytree': 1.0, 'lgbmregressor__learning_rate': 0.1, 'lgbmregressor__max_depth': 3, 'lgbmregressor__n_estimators': 200, 'lgbmregressor__subsample': 0.6}, outer CV R2(train):0.760, R2(test):0.535
inner CV: R2(test, mean): 0.143, params: {'lgbmregressor__colsample_bytree': 0.6, 'lgbmregressor__learning_rate': 0.1, 'lgbmregressor__max_depth': 3, 'lgbmregressor__n_estimators': 100, 'lgbmregressor__subsample': 0.6}, outer CV R2(train):0.704, R2(test):0.376
inner CV: R2(test, mean): 0.207, params: {'lgbmregressor__colsample_bytree': 0.6, 'lgbmregressor__learning_rate': 0.1, 'lgbmregressor__max_depth': 3, 'lgbmregressor__n_estimators': 200, 'lgbmregressor__subsample': 0.6}, outer CV R2(train):0.767, R2(test):0.573
inner CV: R2(test, mean): 0.164, params: {'lgbmregressor__colsample_bytree': 1.0, 'lgbmregressor__learning_rate': 0.1, 'lgbmregressor__max_depth': 3, 'lgbmregressor__n_estimators': 200, 'lgbmregressor__subsample': 0.6}, outer CV R2(train):0.762, R2(test):0.517
inner CV: R2(test, mean): 0.298, params: {'lgbmregressor__colsample_bytree': 1.0, 'lgbmregressor__learning_rate': 0.1, 'lgbmregressor__max_depth': 3, 'lgbmregressor__n_estimators': 200, 'lgbmregressor__subsample': 0.6}, outer CV R2(train):0.790, R2(test):0.362
inner CV: R2(test, mean): 0.065, params: {'lgbmregressor__colsample_bytree': 0.6, 'lgbmregressor__learning_rate': 0.1, 'lgbmregressor__max_depth': 3, 'lgbmregressor__n_estimators': 200, 'lgbmregressor__subsample': 0.6}, outer CV R2(train):0.755, R2(test):0.628
inner CV: R2(test, mean): 0.202, params: {'lgbmregressor__colsample_bytree': 0.8, 'lgbmregressor__learning_rate': 0.1, 'lgbmregressor__max_depth': 3, 'lgbmregressor__n_estimators': 100, 'lgbmregressor__subsample': 0.6}, outer CV R2(train):0.751, R2(test):0.421
inner CV: R2(test, mean): 0.177, params: {'lgbmregressor__colsample_bytree': 0.6, 'lgbmregressor__learning_rate': 0.1, 'lgbmregressor__max_depth': 3, 'lgbmregressor__n_estimators': 100, 'lgbmregressor__subsample': 0.6}, outer CV R2(train):0.701, R2(test):0.435
inner CV: R2(test, mean): 0.217, params: {'lgbmregressor__colsample_bytree': 0.8, 'lgbmregressor__learning_rate': 0.1, 'lgbmregressor__max_depth': 3, 'lgbmregressor__n_estimators': 200, 'lgbmregressor__subsample': 0.6}, outer CV R2(train):0.713, R2(test):0.412
inner CV: R2(test, mean): 0.203, params: {'lgbmregressor__colsample_bytree': 0.6, 'lgbmregressor__learning_rate': 0.1, 'lgbmregressor__max_depth': 3, 'lgbmregressor__n_estimators': 100, 'lgbmregressor__subsample': 0.6}, outer CV R2(train):0.669, R2(test):0.591
inner CV: R2(test, mean): 0.236, params: {'lgbmregressor__colsample_bytree': 0.8, 'lgbmregressor__learning_rate': 0.1, 'lgbmregressor__max_depth': 3, 'lgbmregressor__n_estimators': 200, 'lgbmregressor__subsample': 0.6}, outer CV R2(train):0.675, R2(test):0.282
inner CV: R2(test, mean): 0.185, params: {'lgbmregressor__colsample_bytree': 0.6, 'lgbmregressor__learning_rate': 0.1, 'lgbmregressor__max_depth': 3, 'lgbmregressor__n_estimators': 100, 'lgbmregressor__subsample': 0.6}, outer CV R2(train):0.687, R2(test):0.392
inner CV: R2(test, mean): 0.184, params: {'lgbmregressor__colsample_bytree': 1.0, 'lgbmregressor__learning_rate': 0.05, 'lgbmregressor__max_depth': 3, 'lgbmregressor__n_estimators': 200, 'lgbmregressor__subsample': 0.6}, outer CV R2(train):0.683, R2(test):0.514
inner CV: R2(test, mean): 0.210, params: {'lgbmregressor__colsample_bytree': 0.6, 'lgbmregressor__learning_rate': 0.1, 'lgbmregressor__max_depth': 3, 'lgbmregressor__n_estimators': 200, 'lgbmregressor__subsample': 0.6}, outer CV R2(train):0.794, R2(test):0.304
inner CV: R2(test, mean): 0.111, params: {'lgbmregressor__colsample_bytree': 0.8, 'lgbmregressor__learning_rate': 0.1, 'lgbmregressor__max_depth': 3, 'lgbmregressor__n_estimators': 200, 'lgbmregressor__subsample': 0.6}, outer CV R2(train):0.616, R2(test):0.239
inner CV: R2(test, mean): 0.264, params: {'lgbmregressor__colsample_bytree': 0.6, 'lgbmregressor__learning_rate': 0.1, 'lgbmregressor__max_depth': 3, 'lgbmregressor__n_estimators': 200, 'lgbmregressor__subsample': 0.6}, outer CV R2(train):0.777, R2(test):0.418
inner CV: R2(test, mean): 0.219, params: {'lgbmregressor__colsample_bytree': 1.0, 'lgbmregressor__learning_rate': 0.1, 'lgbmregressor__max_depth': 3, 'lgbmregressor__n_estimators': 200, 'lgbmregressor__subsample': 0.6}, outer CV R2(train):0.844, R2(test):0.271
inner CV: R2(test, mean): 0.159, params: {'lgbmregressor__colsample_bytree': 0.8, 'lgbmregressor__learning_rate': 0.1, 'lgbmregressor__max_depth': 3, 'lgbmregressor__n_estimators': 200, 'lgbmregressor__subsample': 0.6}, outer CV R2(train):0.749, R2(test):0.551
inner CV: R2(test, mean): 0.266, params: {'lgbmregressor__colsample_bytree': 0.8, 'lgbmregressor__learning_rate': 0.1, 'lgbmregressor__max_depth': 3, 'lgbmregressor__n_estimators': 100, 'lgbmregressor__subsample': 0.6}, outer CV R2(train):0.671, R2(test):0.459
inner CV: R2(test, mean): 0.184, params: {'lgbmregressor__colsample_bytree': 1.0, 'lgbmregressor__learning_rate': 0.1, 'lgbmregressor__max_depth': 3, 'lgbmregressor__n_estimators': 200, 'lgbmregressor__subsample': 0.6}, outer CV R2(train):0.783, R2(test):0.469
inner CV: R2(test, mean): 0.189, params: {'lgbmregressor__colsample_bytree': 0.6, 'lgbmregressor__learning_rate': 0.05, 'lgbmregressor__max_depth': 3, 'lgbmregressor__n_estimators': 200, 'lgbmregressor__subsample': 0.6}, outer CV R2(train):0.708, R2(test):0.434
inner CV: R2(test, mean): 0.126, params: {'lgbmregressor__colsample_bytree': 0.6, 'lgbmregressor__learning_rate': 0.1, 'lgbmregressor__max_depth': 3, 'lgbmregressor__n_estimators': 200, 'lgbmregressor__subsample': 0.6}, outer CV R2(train):0.777, R2(test):0.575
inner CV: R2(test, mean): 0.251, params: {'lgbmregressor__colsample_bytree': 0.6, 'lgbmregressor__learning_rate': 0.1, 'lgbmregressor__max_depth': 3, 'lgbmregressor__n_estimators': 100, 'lgbmregressor__subsample': 0.6}, outer CV R2(train):0.741, R2(test):0.466
inner CV: R2(test, mean): 0.231, params: {'lgbmregressor__colsample_bytree': 0.8, 'lgbmregressor__learning_rate': 0.1, 'lgbmregressor__max_depth': 3, 'lgbmregressor__n_estimators': 50, 'lgbmregressor__subsample': 0.6}, outer CV R2(train):0.644, R2(test):0.430
inner CV: R2(test, mean): 0.136, params: {'lgbmregressor__colsample_bytree': 0.6, 'lgbmregressor__learning_rate': 0.1, 'lgbmregressor__max_depth': 3, 'lgbmregressor__n_estimators': 200, 'lgbmregressor__subsample': 0.6}, outer CV R2(train):0.743, R2(test):0.480
inner CV: R2(test, mean): 0.200, params: {'lgbmregressor__colsample_bytree': 0.6, 'lgbmregressor__learning_rate': 0.05, 'lgbmregressor__max_depth': 3, 'lgbmregressor__n_estimators': 200, 'lgbmregressor__subsample': 0.6}, outer CV R2(train):0.724, R2(test):0.451
inner CV: R2(test, mean): 0.118, params: {'lgbmregressor__colsample_bytree': 0.6, 'lgbmregressor__learning_rate': 0.05, 'lgbmregressor__max_depth': 3, 'lgbmregressor__n_estimators': 200, 'lgbmregressor__subsample': 0.6}, outer CV R2(train):0.649, R2(test):0.634
inner CV: R2(test, mean): 0.220, params: {'lgbmregressor__colsample_bytree': 0.6, 'lgbmregressor__learning_rate': 0.1, 'lgbmregressor__max_depth': 3, 'lgbmregressor__n_estimators': 200, 'lgbmregressor__subsample': 0.6}, outer CV R2(train):0.793, R2(test):0.476
inner CV: R2(test, mean): 0.224, params: {'lgbmregressor__colsample_bytree': 0.6, 'lgbmregressor__learning_rate': 0.05, 'lgbmregressor__max_depth': 3, 'lgbmregressor__n_estimators': 200, 'lgbmregressor__subsample': 0.6}, outer CV R2(train):0.692, R2(test):0.476
[LightGBM] total result: R2(train) 0.728, R2(test) 0.458
---------- HistGB ----------
params, R2(train), R2(test)
inner CV: R2(test, mean): 0.129, params: {'histgradientboostingregressor__l2_regularization': 0.1, 'histgradientboostingregressor__learning_rate': 0.2, 'histgradientboostingregressor__max_depth': 5, 'histgradientboostingregressor__max_iter': 100}, outer CV R2(train):0.694, R2(test):0.513
inner CV: R2(test, mean): 0.211, params: {'histgradientboostingregressor__l2_regularization': 0.1, 'histgradientboostingregressor__learning_rate': 0.2, 'histgradientboostingregressor__max_depth': 1, 'histgradientboostingregressor__max_iter': 100}, outer CV R2(train):0.322, R2(test):0.130
inner CV: R2(test, mean): 0.154, params: {'histgradientboostingregressor__l2_regularization': 0.0, 'histgradientboostingregressor__learning_rate': 0.2, 'histgradientboostingregressor__max_depth': 1, 'histgradientboostingregressor__max_iter': 200}, outer CV R2(train):0.618, R2(test):0.396
inner CV: R2(test, mean): 0.149, params: {'histgradientboostingregressor__l2_regularization': 0.0, 'histgradientboostingregressor__learning_rate': 0.2, 'histgradientboostingregressor__max_depth': 7, 'histgradientboostingregressor__max_iter': 200}, outer CV R2(train):0.689, R2(test):0.596
inner CV: R2(test, mean): 0.114, params: {'histgradientboostingregressor__l2_regularization': 1.0, 'histgradientboostingregressor__learning_rate': 0.2, 'histgradientboostingregressor__max_depth': 7, 'histgradientboostingregressor__max_iter': 100}, outer CV R2(train):0.568, R2(test):0.374
inner CV: R2(test, mean): 0.247, params: {'histgradientboostingregressor__l2_regularization': 0.0, 'histgradientboostingregressor__learning_rate': 0.2, 'histgradientboostingregressor__max_depth': 1, 'histgradientboostingregressor__max_iter': 100}, outer CV R2(train):0.441, R2(test):0.188
inner CV: R2(test, mean): 0.035, params: {'histgradientboostingregressor__l2_regularization': 0.0, 'histgradientboostingregressor__learning_rate': 0.2, 'histgradientboostingregressor__max_depth': 1, 'histgradientboostingregressor__max_iter': 100}, outer CV R2(train):0.512, R2(test):0.513
inner CV: R2(test, mean): 0.181, params: {'histgradientboostingregressor__l2_regularization': 1.0, 'histgradientboostingregressor__learning_rate': 0.2, 'histgradientboostingregressor__max_depth': 1, 'histgradientboostingregressor__max_iter': 200}, outer CV R2(train):0.502, R2(test):0.103
inner CV: R2(test, mean): 0.153, params: {'histgradientboostingregressor__l2_regularization': 1.0, 'histgradientboostingregressor__learning_rate': 0.2, 'histgradientboostingregressor__max_depth': 1, 'histgradientboostingregressor__max_iter': 100}, outer CV R2(train):0.506, R2(test):0.405
inner CV: R2(test, mean): 0.170, params: {'histgradientboostingregressor__l2_regularization': 1.0, 'histgradientboostingregressor__learning_rate': 0.2, 'histgradientboostingregressor__max_depth': 1, 'histgradientboostingregressor__max_iter': 200}, outer CV R2(train):0.478, R2(test):0.356
inner CV: R2(test, mean): 0.168, params: {'histgradientboostingregressor__l2_regularization': 0.0, 'histgradientboostingregressor__learning_rate': 0.1, 'histgradientboostingregressor__max_depth': 1, 'histgradientboostingregressor__max_iter': 100}, outer CV R2(train):0.521, R2(test):0.238
inner CV: R2(test, mean): 0.194, params: {'histgradientboostingregressor__l2_regularization': 1.0, 'histgradientboostingregressor__learning_rate': 0.2, 'histgradientboostingregressor__max_depth': 5, 'histgradientboostingregressor__max_iter': 200}, outer CV R2(train):0.629, R2(test):0.252
inner CV: R2(test, mean): 0.165, params: {'histgradientboostingregressor__l2_regularization': 1.0, 'histgradientboostingregressor__learning_rate': 0.2, 'histgradientboostingregressor__max_depth': 5, 'histgradientboostingregressor__max_iter': 200}, outer CV R2(train):0.665, R2(test):0.334
inner CV: R2(test, mean): 0.155, params: {'histgradientboostingregressor__l2_regularization': 1.0, 'histgradientboostingregressor__learning_rate': 0.2, 'histgradientboostingregressor__max_depth': 7, 'histgradientboostingregressor__max_iter': 100}, outer CV R2(train):0.643, R2(test):0.482
inner CV: R2(test, mean): 0.148, params: {'histgradientboostingregressor__l2_regularization': 1.0, 'histgradientboostingregressor__learning_rate': 0.2, 'histgradientboostingregressor__max_depth': 1, 'histgradientboostingregressor__max_iter': 200}, outer CV R2(train):0.675, R2(test):0.342
inner CV: R2(test, mean): 0.114, params: {'histgradientboostingregressor__l2_regularization': 0.0, 'histgradientboostingregressor__learning_rate': 0.2, 'histgradientboostingregressor__max_depth': 1, 'histgradientboostingregressor__max_iter': 200}, outer CV R2(train):0.429, R2(test):0.210
inner CV: R2(test, mean): 0.192, params: {'histgradientboostingregressor__l2_regularization': 0.1, 'histgradientboostingregressor__learning_rate': 0.2, 'histgradientboostingregressor__max_depth': 1, 'histgradientboostingregressor__max_iter': 100}, outer CV R2(train):0.486, R2(test):0.255
inner CV: R2(test, mean): 0.169, params: {'histgradientboostingregressor__l2_regularization': 1.0, 'histgradientboostingregressor__learning_rate': 0.2, 'histgradientboostingregressor__max_depth': 5, 'histgradientboostingregressor__max_iter': 200}, outer CV R2(train):0.770, R2(test):0.361
inner CV: R2(test, mean): 0.127, params: {'histgradientboostingregressor__l2_regularization': 1.0, 'histgradientboostingregressor__learning_rate': 0.2, 'histgradientboostingregressor__max_depth': 1, 'histgradientboostingregressor__max_iter': 200}, outer CV R2(train):0.491, R2(test):0.298
inner CV: R2(test, mean): 0.201, params: {'histgradientboostingregressor__l2_regularization': 1.0, 'histgradientboostingregressor__learning_rate': 0.2, 'histgradientboostingregressor__max_depth': 5, 'histgradientboostingregressor__max_iter': 200}, outer CV R2(train):0.672, R2(test):0.456
inner CV: R2(test, mean): 0.133, params: {'histgradientboostingregressor__l2_regularization': 0.0, 'histgradientboostingregressor__learning_rate': 0.2, 'histgradientboostingregressor__max_depth': 1, 'histgradientboostingregressor__max_iter': 200}, outer CV R2(train):0.611, R2(test):0.467
inner CV: R2(test, mean): 0.109, params: {'histgradientboostingregressor__l2_regularization': 1.0, 'histgradientboostingregressor__learning_rate': 0.2, 'histgradientboostingregressor__max_depth': 1, 'histgradientboostingregressor__max_iter': 100}, outer CV R2(train):0.517, R2(test):0.354
inner CV: R2(test, mean): 0.116, params: {'histgradientboostingregressor__l2_regularization': 0.1, 'histgradientboostingregressor__learning_rate': 0.2, 'histgradientboostingregressor__max_depth': 7, 'histgradientboostingregressor__max_iter': 100}, outer CV R2(train):0.532, R2(test):0.336
inner CV: R2(test, mean): 0.207, params: {'histgradientboostingregressor__l2_regularization': 0.1, 'histgradientboostingregressor__learning_rate': 0.2, 'histgradientboostingregressor__max_depth': 1, 'histgradientboostingregressor__max_iter': 200}, outer CV R2(train):0.512, R2(test):0.232
inner CV: R2(test, mean): 0.153, params: {'histgradientboostingregressor__l2_regularization': 0.0, 'histgradientboostingregressor__learning_rate': 0.2, 'histgradientboostingregressor__max_depth': 7, 'histgradientboostingregressor__max_iter': 100}, outer CV R2(train):0.673, R2(test):0.469
inner CV: R2(test, mean): 0.149, params: {'histgradientboostingregressor__l2_regularization': 0.1, 'histgradientboostingregressor__learning_rate': 0.2, 'histgradientboostingregressor__max_depth': 1, 'histgradientboostingregressor__max_iter': 200}, outer CV R2(train):0.504, R2(test):0.491
inner CV: R2(test, mean): 0.160, params: {'histgradientboostingregressor__l2_regularization': 0.1, 'histgradientboostingregressor__learning_rate': 0.2, 'histgradientboostingregressor__max_depth': 3, 'histgradientboostingregressor__max_iter': 200}, outer CV R2(train):0.683, R2(test):0.374
inner CV: R2(test, mean): 0.131, params: {'histgradientboostingregressor__l2_regularization': 1.0, 'histgradientboostingregressor__learning_rate': 0.2, 'histgradientboostingregressor__max_depth': 1, 'histgradientboostingregressor__max_iter': 100}, outer CV R2(train):0.365, R2(test):0.422
inner CV: R2(test, mean): 0.198, params: {'histgradientboostingregressor__l2_regularization': 0.0, 'histgradientboostingregressor__learning_rate': 0.2, 'histgradientboostingregressor__max_depth': 1, 'histgradientboostingregressor__max_iter': 100}, outer CV R2(train):0.586, R2(test):0.426
inner CV: R2(test, mean): 0.157, params: {'histgradientboostingregressor__l2_regularization': 0.1, 'histgradientboostingregressor__learning_rate': 0.2, 'histgradientboostingregressor__max_depth': 7, 'histgradientboostingregressor__max_iter': 200}, outer CV R2(train):0.692, R2(test):0.469
[HistGB] total result: R2(train) 0.566, R2(test) 0.361
---------- KNN ----------
params, R2(train), R2(test)
inner CV: R2(test, mean): 0.073, params: {'kneighborsregressor__metric': 'manhattan', 'kneighborsregressor__n_neighbors': 7, 'kneighborsregressor__p': 1, 'kneighborsregressor__weights': 'uniform'}, outer CV R2(train):0.326, R2(test):0.246
inner CV: R2(test, mean): 0.162, params: {'kneighborsregressor__metric': 'manhattan', 'kneighborsregressor__n_neighbors': 10, 'kneighborsregressor__p': 1, 'kneighborsregressor__weights': 'uniform'}, outer CV R2(train):0.303, R2(test):0.034
inner CV: R2(test, mean): 0.186, params: {'kneighborsregressor__metric': 'euclidean', 'kneighborsregressor__n_neighbors': 3, 'kneighborsregressor__p': 1, 'kneighborsregressor__weights': 'distance'}, outer CV R2(train):0.971, R2(test):-0.228
inner CV: R2(test, mean): 0.106, params: {'kneighborsregressor__metric': 'manhattan', 'kneighborsregressor__n_neighbors': 10, 'kneighborsregressor__p': 1, 'kneighborsregressor__weights': 'distance'}, outer CV R2(train):0.983, R2(test):0.189
inner CV: R2(test, mean): 0.194, params: {'kneighborsregressor__metric': 'euclidean', 'kneighborsregressor__n_neighbors': 3, 'kneighborsregressor__p': 1, 'kneighborsregressor__weights': 'distance'}, outer CV R2(train):0.973, R2(test):0.047
inner CV: R2(test, mean): 0.113, params: {'kneighborsregressor__metric': 'manhattan', 'kneighborsregressor__n_neighbors': 10, 'kneighborsregressor__p': 1, 'kneighborsregressor__weights': 'distance'}, outer CV R2(train):0.982, R2(test):0.167
inner CV: R2(test, mean): 0.094, params: {'kneighborsregressor__metric': 'euclidean', 'kneighborsregressor__n_neighbors': 3, 'kneighborsregressor__p': 1, 'kneighborsregressor__weights': 'distance'}, outer CV R2(train):0.983, R2(test):0.329
inner CV: R2(test, mean): 0.098, params: {'kneighborsregressor__metric': 'manhattan', 'kneighborsregressor__n_neighbors': 7, 'kneighborsregressor__p': 1, 'kneighborsregressor__weights': 'uniform'}, outer CV R2(train):0.341, R2(test):-0.006
inner CV: R2(test, mean): 0.211, params: {'kneighborsregressor__metric': 'euclidean', 'kneighborsregressor__n_neighbors': 3, 'kneighborsregressor__p': 1, 'kneighborsregressor__weights': 'distance'}, outer CV R2(train):0.993, R2(test):-0.138
inner CV: R2(test, mean): -0.002, params: {'kneighborsregressor__metric': 'manhattan', 'kneighborsregressor__n_neighbors': 10, 'kneighborsregressor__p': 1, 'kneighborsregressor__weights': 'distance'}, outer CV R2(train):0.987, R2(test):0.177
inner CV: R2(test, mean): 0.170, params: {'kneighborsregressor__metric': 'manhattan', 'kneighborsregressor__n_neighbors': 10, 'kneighborsregressor__p': 1, 'kneighborsregressor__weights': 'uniform'}, outer CV R2(train):0.352, R2(test):0.109
inner CV: R2(test, mean): 0.163, params: {'kneighborsregressor__metric': 'euclidean', 'kneighborsregressor__n_neighbors': 3, 'kneighborsregressor__p': 1, 'kneighborsregressor__weights': 'distance'}, outer CV R2(train):0.993, R2(test):0.227
inner CV: R2(test, mean): 0.195, params: {'kneighborsregressor__metric': 'euclidean', 'kneighborsregressor__n_neighbors': 5, 'kneighborsregressor__p': 1, 'kneighborsregressor__weights': 'distance'}, outer CV R2(train):0.987, R2(test):0.123
inner CV: R2(test, mean): 0.108, params: {'kneighborsregressor__metric': 'euclidean', 'kneighborsregressor__n_neighbors': 5, 'kneighborsregressor__p': 1, 'kneighborsregressor__weights': 'distance'}, outer CV R2(train):0.990, R2(test):0.197
inner CV: R2(test, mean): 0.133, params: {'kneighborsregressor__metric': 'euclidean', 'kneighborsregressor__n_neighbors': 3, 'kneighborsregressor__p': 1, 'kneighborsregressor__weights': 'distance'}, outer CV R2(train):0.967, R2(test):-0.254
inner CV: R2(test, mean): -0.024, params: {'kneighborsregressor__metric': 'euclidean', 'kneighborsregressor__n_neighbors': 5, 'kneighborsregressor__p': 1, 'kneighborsregressor__weights': 'uniform'}, outer CV R2(train):0.436, R2(test):0.117
inner CV: R2(test, mean): 0.240, params: {'kneighborsregressor__metric': 'manhattan', 'kneighborsregressor__n_neighbors': 10, 'kneighborsregressor__p': 1, 'kneighborsregressor__weights': 'distance'}, outer CV R2(train):0.995, R2(test):0.084
inner CV: R2(test, mean): 0.142, params: {'kneighborsregressor__metric': 'manhattan', 'kneighborsregressor__n_neighbors': 10, 'kneighborsregressor__p': 1, 'kneighborsregressor__weights': 'distance'}, outer CV R2(train):0.984, R2(test):0.155
inner CV: R2(test, mean): 0.082, params: {'kneighborsregressor__metric': 'manhattan', 'kneighborsregressor__n_neighbors': 10, 'kneighborsregressor__p': 1, 'kneighborsregressor__weights': 'distance'}, outer CV R2(train):0.965, R2(test):-0.006
inner CV: R2(test, mean): 0.137, params: {'kneighborsregressor__metric': 'manhattan', 'kneighborsregressor__n_neighbors': 10, 'kneighborsregressor__p': 1, 'kneighborsregressor__weights': 'uniform'}, outer CV R2(train):0.325, R2(test):-0.049
inner CV: R2(test, mean): 0.193, params: {'kneighborsregressor__metric': 'euclidean', 'kneighborsregressor__n_neighbors': 3, 'kneighborsregressor__p': 1, 'kneighborsregressor__weights': 'uniform'}, outer CV R2(train):0.652, R2(test):0.055
inner CV: R2(test, mean): 0.123, params: {'kneighborsregressor__metric': 'manhattan', 'kneighborsregressor__n_neighbors': 10, 'kneighborsregressor__p': 1, 'kneighborsregressor__weights': 'distance'}, outer CV R2(train):0.993, R2(test):0.003
inner CV: R2(test, mean): 0.041, params: {'kneighborsregressor__metric': 'manhattan', 'kneighborsregressor__n_neighbors': 10, 'kneighborsregressor__p': 1, 'kneighborsregressor__weights': 'uniform'}, outer CV R2(train):0.232, R2(test):0.306
inner CV: R2(test, mean): 0.245, params: {'kneighborsregressor__metric': 'euclidean', 'kneighborsregressor__n_neighbors': 3, 'kneighborsregressor__p': 1, 'kneighborsregressor__weights': 'distance'}, outer CV R2(train):0.989, R2(test):-0.116
inner CV: R2(test, mean): 0.118, params: {'kneighborsregressor__metric': 'euclidean', 'kneighborsregressor__n_neighbors': 5, 'kneighborsregressor__p': 1, 'kneighborsregressor__weights': 'distance'}, outer CV R2(train):0.982, R2(test):0.104
inner CV: R2(test, mean): 0.104, params: {'kneighborsregressor__metric': 'euclidean', 'kneighborsregressor__n_neighbors': 10, 'kneighborsregressor__p': 1, 'kneighborsregressor__weights': 'distance'}, outer CV R2(train):0.982, R2(test):0.052
inner CV: R2(test, mean): 0.132, params: {'kneighborsregressor__metric': 'manhattan', 'kneighborsregressor__n_neighbors': 10, 'kneighborsregressor__p': 1, 'kneighborsregressor__weights': 'distance'}, outer CV R2(train):0.986, R2(test):0.374
inner CV: R2(test, mean): 0.072, params: {'kneighborsregressor__metric': 'euclidean', 'kneighborsregressor__n_neighbors': 10, 'kneighborsregressor__p': 1, 'kneighborsregressor__weights': 'uniform'}, outer CV R2(train):0.285, R2(test):0.239
inner CV: R2(test, mean): 0.104, params: {'kneighborsregressor__metric': 'manhattan', 'kneighborsregressor__n_neighbors': 7, 'kneighborsregressor__p': 1, 'kneighborsregressor__weights': 'distance'}, outer CV R2(train):0.981, R2(test):0.055
inner CV: R2(test, mean): 0.157, params: {'kneighborsregressor__metric': 'euclidean', 'kneighborsregressor__n_neighbors': 5, 'kneighborsregressor__p': 1, 'kneighborsregressor__weights': 'distance'}, outer CV R2(train):0.990, R2(test):0.078
[KNN] total result: R2(train) 0.797, R2(test) 0.089
---------- MLP ----------
params, R2(train), R2(test)
inner CV: R2(test, mean): 0.037, params: {'mlpregressor__alpha': 0.01, 'mlpregressor__hidden_layer_sizes': (100,), 'mlpregressor__learning_rate_init': 0.001}, outer CV R2(train):0.528, R2(test):0.171
inner CV: R2(test, mean): 0.113, params: {'mlpregressor__alpha': 0.0001, 'mlpregressor__hidden_layer_sizes': (50,), 'mlpregressor__learning_rate_init': 0.001}, outer CV R2(train):0.651, R2(test):0.186
inner CV: R2(test, mean): 0.190, params: {'mlpregressor__alpha': 0.001, 'mlpregressor__hidden_layer_sizes': (50, 20), 'mlpregressor__learning_rate_init': 0.01}, outer CV R2(train):0.172, R2(test):-0.123
inner CV: R2(test, mean): 0.097, params: {'mlpregressor__alpha': 0.0001, 'mlpregressor__hidden_layer_sizes': (100,), 'mlpregressor__learning_rate_init': 0.001}, outer CV R2(train):0.646, R2(test):0.199
inner CV: R2(test, mean): 0.244, params: {'mlpregressor__alpha': 0.0001, 'mlpregressor__hidden_layer_sizes': (50, 20), 'mlpregressor__learning_rate_init': 0.01}, outer CV R2(train):0.758, R2(test):0.345
inner CV: R2(test, mean): 0.196, params: {'mlpregressor__alpha': 0.01, 'mlpregressor__hidden_layer_sizes': (50, 20), 'mlpregressor__learning_rate_init': 0.001}, outer CV R2(train):0.790, R2(test):0.369
inner CV: R2(test, mean): -0.031, params: {'mlpregressor__alpha': 0.01, 'mlpregressor__hidden_layer_sizes': (100,), 'mlpregressor__learning_rate_init': 0.001}, outer CV R2(train):0.547, R2(test):0.430
inner CV: R2(test, mean): 0.126, params: {'mlpregressor__alpha': 0.001, 'mlpregressor__hidden_layer_sizes': (50, 20), 'mlpregressor__learning_rate_init': 0.001}, outer CV R2(train):0.666, R2(test):0.233
inner CV: R2(test, mean): 0.222, params: {'mlpregressor__alpha': 0.01, 'mlpregressor__hidden_layer_sizes': (100,), 'mlpregressor__learning_rate_init': 0.001}, outer CV R2(train):0.784, R2(test):0.044
inner CV: R2(test, mean): -0.046, params: {'mlpregressor__alpha': 0.01, 'mlpregressor__hidden_layer_sizes': (50,), 'mlpregressor__learning_rate_init': 0.001}, outer CV R2(train):0.733, R2(test):0.484
inner CV: R2(test, mean): 0.154, params: {'mlpregressor__alpha': 0.001, 'mlpregressor__hidden_layer_sizes': (50, 20), 'mlpregressor__learning_rate_init': 0.001}, outer CV R2(train):0.853, R2(test):0.178
inner CV: R2(test, mean): 0.206, params: {'mlpregressor__alpha': 0.0001, 'mlpregressor__hidden_layer_sizes': (50, 20), 'mlpregressor__learning_rate_init': 0.01}, outer CV R2(train):0.926, R2(test):0.395
inner CV: R2(test, mean): 0.199, params: {'mlpregressor__alpha': 0.001, 'mlpregressor__hidden_layer_sizes': (100,), 'mlpregressor__learning_rate_init': 0.001}, outer CV R2(train):0.064, R2(test):-2.115
inner CV: R2(test, mean): 0.070, params: {'mlpregressor__alpha': 0.01, 'mlpregressor__hidden_layer_sizes': (100,), 'mlpregressor__learning_rate_init': 0.001}, outer CV R2(train):0.879, R2(test):0.174
inner CV: R2(test, mean): 0.230, params: {'mlpregressor__alpha': 0.01, 'mlpregressor__hidden_layer_sizes': (50, 20), 'mlpregressor__learning_rate_init': 0.001}, outer CV R2(train):0.808, R2(test):-0.067
inner CV: R2(test, mean): -0.112, params: {'mlpregressor__alpha': 0.001, 'mlpregressor__hidden_layer_sizes': (50, 20), 'mlpregressor__learning_rate_init': 0.01}, outer CV R2(train):0.288, R2(test):0.301
inner CV: R2(test, mean): 0.201, params: {'mlpregressor__alpha': 0.01, 'mlpregressor__hidden_layer_sizes': (50, 20), 'mlpregressor__learning_rate_init': 0.01}, outer CV R2(train):0.241, R2(test):0.016
inner CV: R2(test, mean): 0.097, params: {'mlpregressor__alpha': 0.0001, 'mlpregressor__hidden_layer_sizes': (50, 20), 'mlpregressor__learning_rate_init': 0.01}, outer CV R2(train):0.530, R2(test):-0.059
inner CV: R2(test, mean): 0.036, params: {'mlpregressor__alpha': 0.01, 'mlpregressor__hidden_layer_sizes': (50, 20), 'mlpregressor__learning_rate_init': 0.01}, outer CV R2(train):0.825, R2(test):0.291
inner CV: R2(test, mean): 0.137, params: {'mlpregressor__alpha': 0.001, 'mlpregressor__hidden_layer_sizes': (100,), 'mlpregressor__learning_rate_init': 0.001}, outer CV R2(train):0.685, R2(test):0.204
inner CV: R2(test, mean): 0.239, params: {'mlpregressor__alpha': 0.01, 'mlpregressor__hidden_layer_sizes': (100,), 'mlpregressor__learning_rate_init': 0.001}, outer CV R2(train):0.663, R2(test):0.243
inner CV: R2(test, mean): 0.036, params: {'mlpregressor__alpha': 0.001, 'mlpregressor__hidden_layer_sizes': (100,), 'mlpregressor__learning_rate_init': 0.001}, outer CV R2(train):0.512, R2(test):0.417
inner CV: R2(test, mean): 0.090, params: {'mlpregressor__alpha': 0.001, 'mlpregressor__hidden_layer_sizes': (100,), 'mlpregressor__learning_rate_init': 0.001}, outer CV R2(train):0.429, R2(test):0.098
inner CV: R2(test, mean): 0.222, params: {'mlpregressor__alpha': 0.01, 'mlpregressor__hidden_layer_sizes': (100,), 'mlpregressor__learning_rate_init': 0.001}, outer CV R2(train):0.648, R2(test):0.139
inner CV: R2(test, mean): 0.072, params: {'mlpregressor__alpha': 0.001, 'mlpregressor__hidden_layer_sizes': (50, 20), 'mlpregressor__learning_rate_init': 0.001}, outer CV R2(train):0.707, R2(test):0.264
inner CV: R2(test, mean): 0.155, params: {'mlpregressor__alpha': 0.01, 'mlpregressor__hidden_layer_sizes': (50, 20), 'mlpregressor__learning_rate_init': 0.001}, outer CV R2(train):0.726, R2(test):0.164
inner CV: R2(test, mean): 0.138, params: {'mlpregressor__alpha': 0.001, 'mlpregressor__hidden_layer_sizes': (100,), 'mlpregressor__learning_rate_init': 0.001}, outer CV R2(train):0.842, R2(test):0.390
inner CV: R2(test, mean): -0.067, params: {'mlpregressor__alpha': 0.001, 'mlpregressor__hidden_layer_sizes': (50, 20), 'mlpregressor__learning_rate_init': 0.001}, outer CV R2(train):0.702, R2(test):0.353
inner CV: R2(test, mean): 0.138, params: {'mlpregressor__alpha': 0.0001, 'mlpregressor__hidden_layer_sizes': (50, 20), 'mlpregressor__learning_rate_init': 0.001}, outer CV R2(train):0.749, R2(test):0.232
inner CV: R2(test, mean): 0.186, params: {'mlpregressor__alpha': 0.001, 'mlpregressor__hidden_layer_sizes': (50, 20), 'mlpregressor__learning_rate_init': 0.001}, outer CV R2(train):0.633, R2(test):0.159
[MLP] total result: R2(train) 0.633, R2(test) 0.137
