---------- Linear ----------
params, R2(train), R2(test)
outer CV R2(train): 0.783, R2(test): 0.572
outer CV R2(train): 0.798, R2(test): 0.498
outer CV R2(train): 0.766, R2(test): 0.660
outer CV R2(train): 0.740, R2(test): 0.698
outer CV R2(train): 0.799, R2(test): 0.550
outer CV R2(train): 0.800, R2(test): 0.527
outer CV R2(train): 0.748, R2(test): 0.659
outer CV R2(train): 0.787, R2(test): 0.572
outer CV R2(train): 0.800, R2(test): 0.500
outer CV R2(train): 0.749, R2(test): 0.605
outer CV R2(train): 0.788, R2(test): 0.500
outer CV R2(train): 0.821, R2(test): 0.500
outer CV R2(train): 0.808, R2(test): 0.463
outer CV R2(train): 0.781, R2(test): 0.511
outer CV R2(train): 0.797, R2(test): 0.303
outer CV R2(train): 0.773, R2(test): 0.515
outer CV R2(train): 0.766, R2(test): 0.587
outer CV R2(train): 0.808, R2(test): 0.458
outer CV R2(train): 0.813, R2(test): 0.475
outer CV R2(train): 0.760, R2(test): 0.601
outer CV R2(train): 0.776, R2(test): 0.575
outer CV R2(train): 0.768, R2(test): 0.629
outer CV R2(train): 0.782, R2(test): 0.589
outer CV R2(train): 0.786, R2(test): 0.590
outer CV R2(train): 0.810, R2(test): 0.499
outer CV R2(train): 0.812, R2(test): 0.358
outer CV R2(train): 0.768, R2(test): 0.563
outer CV R2(train): 0.739, R2(test): 0.716
outer CV R2(train): 0.764, R2(test): 0.683
outer CV R2(train): 0.817, R2(test): 0.528
[Linear] total result = R2(train): 0.784, R2(test): 0.549
---------- Lasso ----------
params, R2(train), R2(test)
inner CV: R2(test): 0.514, params: {'lasso__alpha': 0.01}, outer CV R2(train): 0.780, R2(test): 0.590
inner CV: R2(test): 0.508, params: {'lasso__alpha': 0.1}, outer CV R2(train): 0.693, R2(test): 0.426
inner CV: R2(test): 0.463, params: {'lasso__alpha': 0.1}, outer CV R2(train): 0.695, R2(test): 0.550
inner CV: R2(test): 0.404, params: {'lasso__alpha': 0.1}, outer CV R2(train): 0.637, R2(test): 0.638
inner CV: R2(test): 0.555, params: {'lasso__alpha': 0.1}, outer CV R2(train): 0.716, R2(test): 0.461
inner CV: R2(test): 0.551, params: {'lasso__alpha': 0.01}, outer CV R2(train): 0.798, R2(test): 0.535
inner CV: R2(test): 0.398, params: {'lasso__alpha': 0.1}, outer CV R2(train): 0.629, R2(test): 0.663
inner CV: R2(test): 0.463, params: {'lasso__alpha': 0.1}, outer CV R2(train): 0.682, R2(test): 0.525
inner CV: R2(test): 0.525, params: {'lasso__alpha': 0.1}, outer CV R2(train): 0.725, R2(test): 0.436
inner CV: R2(test): 0.415, params: {'lasso__alpha': 0.1}, outer CV R2(train): 0.654, R2(test): 0.508
inner CV: R2(test): 0.469, params: {'lasso__alpha': 0.1}, outer CV R2(train): 0.692, R2(test): 0.554
inner CV: R2(test): 0.539, params: {'lasso__alpha': 0.1}, outer CV R2(train): 0.734, R2(test): 0.456
inner CV: R2(test): 0.536, params: {'lasso__alpha': 0.01}, outer CV R2(train): 0.805, R2(test): 0.481
inner CV: R2(test): 0.496, params: {'lasso__alpha': 0.1}, outer CV R2(train): 0.703, R2(test): 0.515
inner CV: R2(test): 0.568, params: {'lasso__alpha': 0.1}, outer CV R2(train): 0.734, R2(test): 0.318
inner CV: R2(test): 0.452, params: {'lasso__alpha': 0.1}, outer CV R2(train): 0.666, R2(test): 0.430
inner CV: R2(test): 0.517, params: {'lasso__alpha': 0.1}, outer CV R2(train): 0.707, R2(test): 0.491
inner CV: R2(test): 0.509, params: {'lasso__alpha': 0.1}, outer CV R2(train): 0.684, R2(test): 0.453
inner CV: R2(test): 0.414, params: {'lasso__alpha': 0.1}, outer CV R2(train): 0.676, R2(test): 0.571
inner CV: R2(test): 0.463, params: {'lasso__alpha': 0.1}, outer CV R2(train): 0.680, R2(test): 0.555
inner CV: R2(test): 0.482, params: {'lasso__alpha': 0.1}, outer CV R2(train): 0.693, R2(test): 0.471
inner CV: R2(test): 0.483, params: {'lasso__alpha': 0.1}, outer CV R2(train): 0.679, R2(test): 0.593
inner CV: R2(test): 0.449, params: {'lasso__alpha': 0.1}, outer CV R2(train): 0.674, R2(test): 0.627
inner CV: R2(test): 0.448, params: {'lasso__alpha': 0.1}, outer CV R2(train): 0.694, R2(test): 0.536
inner CV: R2(test): 0.448, params: {'lasso__alpha': 0.1}, outer CV R2(train): 0.691, R2(test): 0.558
inner CV: R2(test): 0.563, params: {'lasso__alpha': 0.1}, outer CV R2(train): 0.723, R2(test): 0.414
inner CV: R2(test): 0.479, params: {'lasso__alpha': 0.1}, outer CV R2(train): 0.671, R2(test): 0.567
inner CV: R2(test): 0.366, params: {'lasso__alpha': 0.1}, outer CV R2(train): 0.635, R2(test): 0.651
inner CV: R2(test): 0.461, params: {'lasso__alpha': 0.1}, outer CV R2(train): 0.670, R2(test): 0.584
inner CV: R2(test): 0.544, params: {'lasso__alpha': 0.1}, outer CV R2(train): 0.730, R2(test): 0.464
[Lasso] total result = R2(train): 0.698, R2(test): 0.521
---------- Ridge ----------
params, R2(train), R2(test)
inner CV: R2(test): 0.540, params: {'ridge__alpha': 100}, outer CV R2(train): 0.781, R2(test): 0.584
inner CV: R2(test): 0.484, params: {'ridge__alpha': 100}, outer CV R2(train): 0.795, R2(test): 0.507
inner CV: R2(test): 0.424, params: {'ridge__alpha': 100}, outer CV R2(train): 0.763, R2(test): 0.658
inner CV: R2(test): 0.344, params: {'ridge__alpha': 100}, outer CV R2(train): 0.738, R2(test): 0.710
inner CV: R2(test): 0.536, params: {'ridge__alpha': 100}, outer CV R2(train): 0.797, R2(test): 0.550
inner CV: R2(test): 0.571, params: {'ridge__alpha': 100}, outer CV R2(train): 0.797, R2(test): 0.554
inner CV: R2(test): 0.370, params: {'ridge__alpha': 100}, outer CV R2(train): 0.745, R2(test): 0.685
inner CV: R2(test): 0.420, params: {'ridge__alpha': 100}, outer CV R2(train): 0.785, R2(test): 0.587
inner CV: R2(test): 0.506, params: {'ridge__alpha': 100}, outer CV R2(train): 0.799, R2(test): 0.499
inner CV: R2(test): 0.366, params: {'ridge__alpha': 100}, outer CV R2(train): 0.747, R2(test): 0.599
inner CV: R2(test): 0.509, params: {'ridge__alpha': 100}, outer CV R2(train): 0.785, R2(test): 0.526
inner CV: R2(test): 0.529, params: {'ridge__alpha': 100}, outer CV R2(train): 0.819, R2(test): 0.518
inner CV: R2(test): 0.563, params: {'ridge__alpha': 100}, outer CV R2(train): 0.805, R2(test): 0.479
inner CV: R2(test): 0.485, params: {'ridge__alpha': 100}, outer CV R2(train): 0.778, R2(test): 0.537
inner CV: R2(test): 0.533, params: {'ridge__alpha': 100}, outer CV R2(train): 0.795, R2(test): 0.315
inner CV: R2(test): 0.400, params: {'ridge__alpha': 100}, outer CV R2(train): 0.770, R2(test): 0.538
inner CV: R2(test): 0.479, params: {'ridge__alpha': 100}, outer CV R2(train): 0.764, R2(test): 0.580
inner CV: R2(test): 0.548, params: {'ridge__alpha': 100}, outer CV R2(train): 0.805, R2(test): 0.489
inner CV: R2(test): 0.441, params: {'ridge__alpha': 100}, outer CV R2(train): 0.810, R2(test): 0.512
inner CV: R2(test): 0.399, params: {'ridge__alpha': 100}, outer CV R2(train): 0.758, R2(test): 0.606
inner CV: R2(test): 0.449, params: {'ridge__alpha': 100}, outer CV R2(train): 0.774, R2(test): 0.564
inner CV: R2(test): 0.475, params: {'ridge__alpha': 100}, outer CV R2(train): 0.765, R2(test): 0.648
inner CV: R2(test): 0.478, params: {'ridge__alpha': 100}, outer CV R2(train): 0.780, R2(test): 0.604
inner CV: R2(test): 0.420, params: {'ridge__alpha': 100}, outer CV R2(train): 0.784, R2(test): 0.591
inner CV: R2(test): 0.438, params: {'ridge__alpha': 100}, outer CV R2(train): 0.805, R2(test): 0.543
inner CV: R2(test): 0.548, params: {'ridge__alpha': 100}, outer CV R2(train): 0.810, R2(test): 0.386
inner CV: R2(test): 0.486, params: {'ridge__alpha': 100}, outer CV R2(train): 0.765, R2(test): 0.590
inner CV: R2(test): 0.306, params: {'ridge__alpha': 100}, outer CV R2(train): 0.737, R2(test): 0.724
inner CV: R2(test): 0.441, params: {'ridge__alpha': 100}, outer CV R2(train): 0.762, R2(test): 0.696
inner CV: R2(test): 0.575, params: {'ridge__alpha': 100}, outer CV R2(train): 0.815, R2(test): 0.530
[Ridge] total result = R2(train): 0.781, R2(test): 0.564
---------- ElasticNet ----------
params, R2(train), R2(test)
inner CV: R2(test): 0.534, params: {'elasticnet__alpha': 1, 'elasticnet__l1_ratio': 0}, outer CV R2(train): 0.780, R2(test): 0.585
inner CV: R2(test): 0.517, params: {'elasticnet__alpha': 10, 'elasticnet__l1_ratio': 0}, outer CV R2(train): 0.725, R2(test): 0.512
inner CV: R2(test): 0.467, params: {'elasticnet__alpha': 0.1, 'elasticnet__l1_ratio': 0.8}, outer CV R2(train): 0.713, R2(test): 0.557
inner CV: R2(test): 0.428, params: {'elasticnet__alpha': 10, 'elasticnet__l1_ratio': 0}, outer CV R2(train): 0.669, R2(test): 0.701
inner CV: R2(test): 0.574, params: {'elasticnet__alpha': 10, 'elasticnet__l1_ratio': 0}, outer CV R2(train): 0.739, R2(test): 0.502
inner CV: R2(test): 0.575, params: {'elasticnet__alpha': 0.1, 'elasticnet__l1_ratio': 0.4}, outer CV R2(train): 0.773, R2(test): 0.529
inner CV: R2(test): 0.408, params: {'elasticnet__alpha': 0.1, 'elasticnet__l1_ratio': 0.6}, outer CV R2(train): 0.680, R2(test): 0.681
inner CV: R2(test): 0.483, params: {'elasticnet__alpha': 10, 'elasticnet__l1_ratio': 0}, outer CV R2(train): 0.709, R2(test): 0.581
inner CV: R2(test): 0.563, params: {'elasticnet__alpha': 10, 'elasticnet__l1_ratio': 0}, outer CV R2(train): 0.744, R2(test): 0.439
inner CV: R2(test): 0.437, params: {'elasticnet__alpha': 10, 'elasticnet__l1_ratio': 0}, outer CV R2(train): 0.683, R2(test): 0.519
inner CV: R2(test): 0.522, params: {'elasticnet__alpha': 10, 'elasticnet__l1_ratio': 0}, outer CV R2(train): 0.709, R2(test): 0.513
inner CV: R2(test): 0.563, params: {'elasticnet__alpha': 10, 'elasticnet__l1_ratio': 0}, outer CV R2(train): 0.746, R2(test): 0.519
inner CV: R2(test): 0.579, params: {'elasticnet__alpha': 10, 'elasticnet__l1_ratio': 0}, outer CV R2(train): 0.733, R2(test): 0.499
inner CV: R2(test): 0.522, params: {'elasticnet__alpha': 0.1, 'elasticnet__l1_ratio': 0.5}, outer CV R2(train): 0.750, R2(test): 0.488
inner CV: R2(test): 0.574, params: {'elasticnet__alpha': 0.1, 'elasticnet__l1_ratio': 0.8}, outer CV R2(train): 0.750, R2(test): 0.301
inner CV: R2(test): 0.459, params: {'elasticnet__alpha': 0.1, 'elasticnet__l1_ratio': 0.8}, outer CV R2(train): 0.690, R2(test): 0.451
inner CV: R2(test): 0.524, params: {'elasticnet__alpha': 0.1, 'elasticnet__l1_ratio': 0.8}, outer CV R2(train): 0.723, R2(test): 0.500
inner CV: R2(test): 0.541, params: {'elasticnet__alpha': 1, 'elasticnet__l1_ratio': 0}, outer CV R2(train): 0.803, R2(test): 0.493
inner CV: R2(test): 0.454, params: {'elasticnet__alpha': 0.1, 'elasticnet__l1_ratio': 0.4}, outer CV R2(train): 0.780, R2(test): 0.553
inner CV: R2(test): 0.463, params: {'elasticnet__alpha': 0.1, 'elasticnet__l1_ratio': 1}, outer CV R2(train): 0.680, R2(test): 0.555
inner CV: R2(test): 0.513, params: {'elasticnet__alpha': 10, 'elasticnet__l1_ratio': 0}, outer CV R2(train): 0.715, R2(test): 0.461
inner CV: R2(test): 0.500, params: {'elasticnet__alpha': 0.1, 'elasticnet__l1_ratio': 0.5}, outer CV R2(train): 0.726, R2(test): 0.591
inner CV: R2(test): 0.498, params: {'elasticnet__alpha': 10, 'elasticnet__l1_ratio': 0}, outer CV R2(train): 0.708, R2(test): 0.634
inner CV: R2(test): 0.491, params: {'elasticnet__alpha': 10, 'elasticnet__l1_ratio': 0}, outer CV R2(train): 0.725, R2(test): 0.515
inner CV: R2(test): 0.501, params: {'elasticnet__alpha': 0.1, 'elasticnet__l1_ratio': 0.4}, outer CV R2(train): 0.768, R2(test): 0.530
inner CV: R2(test): 0.597, params: {'elasticnet__alpha': 10, 'elasticnet__l1_ratio': 0}, outer CV R2(train): 0.752, R2(test): 0.440
inner CV: R2(test): 0.516, params: {'elasticnet__alpha': 10, 'elasticnet__l1_ratio': 0}, outer CV R2(train): 0.687, R2(test): 0.588
inner CV: R2(test): 0.370, params: {'elasticnet__alpha': 10, 'elasticnet__l1_ratio': 0}, outer CV R2(train): 0.661, R2(test): 0.687
inner CV: R2(test): 0.475, params: {'elasticnet__alpha': 10, 'elasticnet__l1_ratio': 0}, outer CV R2(train): 0.692, R2(test): 0.663
inner CV: R2(test): 0.600, params: {'elasticnet__alpha': 10, 'elasticnet__l1_ratio': 0}, outer CV R2(train): 0.750, R2(test): 0.459
[ElasticNet] total result = R2(train): 0.725, R2(test): 0.535
---------- PolyRidge ----------
params, R2(train), R2(test)
inner CV: R2(test): 0.410, params: {'polynomialfeatures__degree': 2, 'ridge__alpha': 100}, outer CV R2(train): 0.823, R2(test): 0.532
inner CV: R2(test): 0.401, params: {'polynomialfeatures__degree': 2, 'ridge__alpha': 100}, outer CV R2(train): 0.865, R2(test): 0.487
inner CV: R2(test): 0.194, params: {'polynomialfeatures__degree': 2, 'ridge__alpha': 100}, outer CV R2(train): 0.831, R2(test): 0.407
inner CV: R2(test): 0.293, params: {'polynomialfeatures__degree': 2, 'ridge__alpha': 100}, outer CV R2(train): 0.847, R2(test): 0.548
inner CV: R2(test): 0.512, params: {'polynomialfeatures__degree': 2, 'ridge__alpha': 100}, outer CV R2(train): 0.883, R2(test): 0.195
inner CV: R2(test): 0.373, params: {'polynomialfeatures__degree': 2, 'ridge__alpha': 100}, outer CV R2(train): 0.839, R2(test): 0.441
inner CV: R2(test): 0.269, params: {'polynomialfeatures__degree': 2, 'ridge__alpha': 100}, outer CV R2(train): 0.829, R2(test): 0.643
inner CV: R2(test): 0.361, params: {'polynomialfeatures__degree': 2, 'ridge__alpha': 100}, outer CV R2(train): 0.864, R2(test): 0.524
inner CV: R2(test): 0.498, params: {'polynomialfeatures__degree': 2, 'ridge__alpha': 100}, outer CV R2(train): 0.891, R2(test): 0.099
inner CV: R2(test): 0.245, params: {'polynomialfeatures__degree': 2, 'ridge__alpha': 100}, outer CV R2(train): 0.821, R2(test): 0.450
inner CV: R2(test): 0.376, params: {'polynomialfeatures__degree': 2, 'ridge__alpha': 100}, outer CV R2(train): 0.855, R2(test): 0.245
inner CV: R2(test): 0.474, params: {'polynomialfeatures__degree': 2, 'ridge__alpha': 100}, outer CV R2(train): 0.880, R2(test): 0.364
inner CV: R2(test): 0.468, params: {'polynomialfeatures__degree': 2, 'ridge__alpha': 100}, outer CV R2(train): 0.866, R2(test): 0.393
inner CV: R2(test): 0.431, params: {'polynomialfeatures__degree': 2, 'ridge__alpha': 100}, outer CV R2(train): 0.858, R2(test): 0.266
inner CV: R2(test): 0.490, params: {'polynomialfeatures__degree': 2, 'ridge__alpha': 100}, outer CV R2(train): 0.881, R2(test): -0.406
inner CV: R2(test): 0.318, params: {'polynomialfeatures__degree': 2, 'ridge__alpha': 100}, outer CV R2(train): 0.840, R2(test): 0.383
inner CV: R2(test): 0.356, params: {'polynomialfeatures__degree': 2, 'ridge__alpha': 100}, outer CV R2(train): 0.851, R2(test): 0.207
inner CV: R2(test): 0.397, params: {'polynomialfeatures__degree': 2, 'ridge__alpha': 100}, outer CV R2(train): 0.837, R2(test): 0.263
inner CV: R2(test): 0.350, params: {'polynomialfeatures__degree': 2, 'ridge__alpha': 100}, outer CV R2(train): 0.859, R2(test): 0.435
inner CV: R2(test): 0.288, params: {'polynomialfeatures__degree': 2, 'ridge__alpha': 100}, outer CV R2(train): 0.855, R2(test): 0.198
inner CV: R2(test): 0.326, params: {'polynomialfeatures__degree': 2, 'ridge__alpha': 100}, outer CV R2(train): 0.838, R2(test): 0.480
inner CV: R2(test): 0.302, params: {'polynomialfeatures__degree': 2, 'ridge__alpha': 100}, outer CV R2(train): 0.807, R2(test): 0.555
inner CV: R2(test): 0.341, params: {'polynomialfeatures__degree': 2, 'ridge__alpha': 100}, outer CV R2(train): 0.818, R2(test): 0.477
inner CV: R2(test): 0.377, params: {'polynomialfeatures__degree': 2, 'ridge__alpha': 100}, outer CV R2(train): 0.868, R2(test): 0.480
inner CV: R2(test): 0.272, params: {'polynomialfeatures__degree': 2, 'ridge__alpha': 100}, outer CV R2(train): 0.820, R2(test): 0.391
inner CV: R2(test): 0.524, params: {'polynomialfeatures__degree': 2, 'ridge__alpha': 100}, outer CV R2(train): 0.891, R2(test): -0.114
inner CV: R2(test): 0.404, params: {'polynomialfeatures__degree': 2, 'ridge__alpha': 100}, outer CV R2(train): 0.856, R2(test): 0.525
inner CV: R2(test): 0.262, params: {'polynomialfeatures__degree': 2, 'ridge__alpha': 100}, outer CV R2(train): 0.869, R2(test): 0.447
inner CV: R2(test): 0.318, params: {'polynomialfeatures__degree': 2, 'ridge__alpha': 100}, outer CV R2(train): 0.831, R2(test): 0.573
inner CV: R2(test): 0.415, params: {'polynomialfeatures__degree': 2, 'ridge__alpha': 100}, outer CV R2(train): 0.847, R2(test): 0.365
[PolyRidge] total result = R2(train): 0.851, R2(test): 0.362
---------- RandomForest ----------
params, R2(train), R2(test)
inner CV: R2(test): 0.549, params: {'randomforestregressor__max_depth': 15, 'randomforestregressor__min_samples_leaf': 1, 'randomforestregressor__n_estimators': 100}, outer CV R2(train): 0.908, R2(test): 0.611
inner CV: R2(test): 0.507, params: {'randomforestregressor__max_depth': 5, 'randomforestregressor__min_samples_leaf': 1, 'randomforestregressor__n_estimators': 100}, outer CV R2(train): 0.858, R2(test): 0.456
inner CV: R2(test): 0.523, params: {'randomforestregressor__max_depth': 15, 'randomforestregressor__min_samples_leaf': 1, 'randomforestregressor__n_estimators': 50}, outer CV R2(train): 0.926, R2(test): 0.397
inner CV: R2(test): 0.449, params: {'randomforestregressor__max_depth': 10, 'randomforestregressor__min_samples_leaf': 1, 'randomforestregressor__n_estimators': 100}, outer CV R2(train): 0.898, R2(test): 0.621
inner CV: R2(test): 0.637, params: {'randomforestregressor__max_depth': 15, 'randomforestregressor__min_samples_leaf': 1, 'randomforestregressor__n_estimators': 75}, outer CV R2(train): 0.951, R2(test): 0.439
inner CV: R2(test): 0.526, params: {'randomforestregressor__max_depth': 10, 'randomforestregressor__min_samples_leaf': 1, 'randomforestregressor__n_estimators': 75}, outer CV R2(train): 0.929, R2(test): 0.614
inner CV: R2(test): 0.451, params: {'randomforestregressor__max_depth': 15, 'randomforestregressor__min_samples_leaf': 1, 'randomforestregressor__n_estimators': 100}, outer CV R2(train): 0.915, R2(test): 0.641
inner CV: R2(test): 0.494, params: {'randomforestregressor__max_depth': 15, 'randomforestregressor__min_samples_leaf': 1, 'randomforestregressor__n_estimators': 100}, outer CV R2(train): 0.908, R2(test): 0.603
inner CV: R2(test): 0.570, params: {'randomforestregressor__max_depth': 10, 'randomforestregressor__min_samples_leaf': 1, 'randomforestregressor__n_estimators': 75}, outer CV R2(train): 0.932, R2(test): 0.328
inner CV: R2(test): 0.454, params: {'randomforestregressor__max_depth': 15, 'randomforestregressor__min_samples_leaf': 1, 'randomforestregressor__n_estimators': 75}, outer CV R2(train): 0.919, R2(test): 0.576
inner CV: R2(test): 0.469, params: {'randomforestregressor__max_depth': 5, 'randomforestregressor__min_samples_leaf': 1, 'randomforestregressor__n_estimators': 100}, outer CV R2(train): 0.851, R2(test): 0.634
inner CV: R2(test): 0.556, params: {'randomforestregressor__max_depth': 15, 'randomforestregressor__min_samples_leaf': 1, 'randomforestregressor__n_estimators': 100}, outer CV R2(train): 0.937, R2(test): 0.467
inner CV: R2(test): 0.622, params: {'randomforestregressor__max_depth': 15, 'randomforestregressor__min_samples_leaf': 1, 'randomforestregressor__n_estimators': 100}, outer CV R2(train): 0.947, R2(test): 0.494
inner CV: R2(test): 0.499, params: {'randomforestregressor__max_depth': 10, 'randomforestregressor__min_samples_leaf': 1, 'randomforestregressor__n_estimators': 75}, outer CV R2(train): 0.922, R2(test): 0.506
inner CV: R2(test): 0.569, params: {'randomforestregressor__max_depth': 15, 'randomforestregressor__min_samples_leaf': 1, 'randomforestregressor__n_estimators': 50}, outer CV R2(train): 0.921, R2(test): 0.512
inner CV: R2(test): 0.453, params: {'randomforestregressor__max_depth': 10, 'randomforestregressor__min_samples_leaf': 1, 'randomforestregressor__n_estimators': 100}, outer CV R2(train): 0.893, R2(test): 0.549
inner CV: R2(test): 0.495, params: {'randomforestregressor__max_depth': 5, 'randomforestregressor__min_samples_leaf': 1, 'randomforestregressor__n_estimators': 75}, outer CV R2(train): 0.865, R2(test): 0.568
inner CV: R2(test): 0.590, params: {'randomforestregressor__max_depth': 15, 'randomforestregressor__min_samples_leaf': 1, 'randomforestregressor__n_estimators': 100}, outer CV R2(train): 0.937, R2(test): 0.526
inner CV: R2(test): 0.457, params: {'randomforestregressor__max_depth': 10, 'randomforestregressor__min_samples_leaf': 1, 'randomforestregressor__n_estimators': 50}, outer CV R2(train): 0.910, R2(test): 0.583
inner CV: R2(test): 0.519, params: {'randomforestregressor__max_depth': 10, 'randomforestregressor__min_samples_leaf': 1, 'randomforestregressor__n_estimators': 100}, outer CV R2(train): 0.926, R2(test): 0.608
inner CV: R2(test): 0.522, params: {'randomforestregressor__max_depth': 5, 'randomforestregressor__min_samples_leaf': 1, 'randomforestregressor__n_estimators': 100}, outer CV R2(train): 0.857, R2(test): 0.537
inner CV: R2(test): 0.500, params: {'randomforestregressor__max_depth': 10, 'randomforestregressor__min_samples_leaf': 1, 'randomforestregressor__n_estimators': 75}, outer CV R2(train): 0.919, R2(test): 0.610
inner CV: R2(test): 0.489, params: {'randomforestregressor__max_depth': 10, 'randomforestregressor__min_samples_leaf': 1, 'randomforestregressor__n_estimators': 100}, outer CV R2(train): 0.906, R2(test): 0.701
inner CV: R2(test): 0.523, params: {'randomforestregressor__max_depth': 10, 'randomforestregressor__min_samples_leaf': 1, 'randomforestregressor__n_estimators': 75}, outer CV R2(train): 0.930, R2(test): 0.545
inner CV: R2(test): 0.474, params: {'randomforestregressor__max_depth': 10, 'randomforestregressor__min_samples_leaf': 1, 'randomforestregressor__n_estimators': 75}, outer CV R2(train): 0.933, R2(test): 0.530
inner CV: R2(test): 0.590, params: {'randomforestregressor__max_depth': 10, 'randomforestregressor__min_samples_leaf': 1, 'randomforestregressor__n_estimators': 100}, outer CV R2(train): 0.930, R2(test): 0.353
inner CV: R2(test): 0.504, params: {'randomforestregressor__max_depth': 15, 'randomforestregressor__min_samples_leaf': 1, 'randomforestregressor__n_estimators': 50}, outer CV R2(train): 0.912, R2(test): 0.701
inner CV: R2(test): 0.433, params: {'randomforestregressor__max_depth': 10, 'randomforestregressor__min_samples_leaf': 1, 'randomforestregressor__n_estimators': 100}, outer CV R2(train): 0.913, R2(test): 0.698
inner CV: R2(test): 0.499, params: {'randomforestregressor__max_depth': 15, 'randomforestregressor__min_samples_leaf': 2, 'randomforestregressor__n_estimators': 100}, outer CV R2(train): 0.858, R2(test): 0.566
inner CV: R2(test): 0.553, params: {'randomforestregressor__max_depth': 10, 'randomforestregressor__min_samples_leaf': 1, 'randomforestregressor__n_estimators': 75}, outer CV R2(train): 0.922, R2(test): 0.559
[RandomForest] total result = R2(train): 0.911, R2(test): 0.551
---------- SVR ----------
params, R2(train), R2(test)
inner CV: R2(test): 0.532, params: {'svr__C': 10, 'svr__epsilon': 0.5, 'svr__gamma': 'auto', 'svr__kernel': 'rbf'}, outer CV R2(train): 0.792, R2(test): 0.640
inner CV: R2(test): 0.523, params: {'svr__C': 10, 'svr__epsilon': 0.5, 'svr__gamma': 'scale', 'svr__kernel': 'rbf'}, outer CV R2(train): 0.862, R2(test): 0.607
inner CV: R2(test): 0.566, params: {'svr__C': 10, 'svr__epsilon': 0.5, 'svr__gamma': 'scale', 'svr__kernel': 'rbf'}, outer CV R2(train): 0.889, R2(test): 0.695
inner CV: R2(test): 0.531, params: {'svr__C': 10, 'svr__epsilon': 0.5, 'svr__gamma': 'scale', 'svr__kernel': 'rbf'}, outer CV R2(train): 0.870, R2(test): 0.690
inner CV: R2(test): 0.641, params: {'svr__C': 100, 'svr__epsilon': 0.5, 'svr__gamma': 'scale', 'svr__kernel': 'rbf'}, outer CV R2(train): 0.893, R2(test): 0.531
inner CV: R2(test): 0.578, params: {'svr__C': 100, 'svr__epsilon': 0.5, 'svr__gamma': 'auto', 'svr__kernel': 'rbf'}, outer CV R2(train): 0.867, R2(test): 0.527
inner CV: R2(test): 0.495, params: {'svr__C': 10, 'svr__epsilon': 0.5, 'svr__gamma': 'scale', 'svr__kernel': 'rbf'}, outer CV R2(train): 0.850, R2(test): 0.700
inner CV: R2(test): 0.524, params: {'svr__C': 100, 'svr__epsilon': 0.5, 'svr__gamma': 'auto', 'svr__kernel': 'rbf'}, outer CV R2(train): 0.874, R2(test): 0.665
inner CV: R2(test): 0.634, params: {'svr__C': 100, 'svr__epsilon': 0.5, 'svr__gamma': 'scale', 'svr__kernel': 'rbf'}, outer CV R2(train): 0.906, R2(test): 0.414
inner CV: R2(test): 0.461, params: {'svr__C': 10, 'svr__epsilon': 0.5, 'svr__gamma': 'scale', 'svr__kernel': 'rbf'}, outer CV R2(train): 0.863, R2(test): 0.630
inner CV: R2(test): 0.542, params: {'svr__C': 10, 'svr__epsilon': 0.5, 'svr__gamma': 'auto', 'svr__kernel': 'rbf'}, outer CV R2(train): 0.806, R2(test): 0.610
inner CV: R2(test): 0.644, params: {'svr__C': 100, 'svr__epsilon': 0.5, 'svr__gamma': 'auto', 'svr__kernel': 'rbf'}, outer CV R2(train): 0.892, R2(test): 0.342
inner CV: R2(test): 0.657, params: {'svr__C': 10, 'svr__epsilon': 0.5, 'svr__gamma': 'scale', 'svr__kernel': 'rbf'}, outer CV R2(train): 0.895, R2(test): 0.486
inner CV: R2(test): 0.508, params: {'svr__C': 10, 'svr__epsilon': 0.5, 'svr__gamma': 'scale', 'svr__kernel': 'rbf'}, outer CV R2(train): 0.871, R2(test): 0.610
inner CV: R2(test): 0.595, params: {'svr__C': 10, 'svr__epsilon': 0.5, 'svr__gamma': 'auto', 'svr__kernel': 'rbf'}, outer CV R2(train): 0.830, R2(test): 0.341
inner CV: R2(test): 0.505, params: {'svr__C': 100, 'svr__epsilon': 0.5, 'svr__gamma': 'scale', 'svr__kernel': 'rbf'}, outer CV R2(train): 0.867, R2(test): 0.560
inner CV: R2(test): 0.523, params: {'svr__C': 10, 'svr__epsilon': 0.5, 'svr__gamma': 'auto', 'svr__kernel': 'rbf'}, outer CV R2(train): 0.796, R2(test): 0.617
inner CV: R2(test): 0.632, params: {'svr__C': 100, 'svr__epsilon': 0.5, 'svr__gamma': 'auto', 'svr__kernel': 'rbf'}, outer CV R2(train): 0.883, R2(test): 0.514
inner CV: R2(test): 0.547, params: {'svr__C': 100, 'svr__epsilon': 0.5, 'svr__gamma': 'scale', 'svr__kernel': 'rbf'}, outer CV R2(train): 0.877, R2(test): 0.587
inner CV: R2(test): 0.534, params: {'svr__C': 10, 'svr__epsilon': 0.5, 'svr__gamma': 'scale', 'svr__kernel': 'rbf'}, outer CV R2(train): 0.884, R2(test): 0.532
inner CV: R2(test): 0.539, params: {'svr__C': 10, 'svr__epsilon': 0.5, 'svr__gamma': 'auto', 'svr__kernel': 'rbf'}, outer CV R2(train): 0.812, R2(test): 0.502
inner CV: R2(test): 0.554, params: {'svr__C': 10, 'svr__epsilon': 0.5, 'svr__gamma': 'auto', 'svr__kernel': 'rbf'}, outer CV R2(train): 0.806, R2(test): 0.659
inner CV: R2(test): 0.519, params: {'svr__C': 10, 'svr__epsilon': 0.5, 'svr__gamma': 'scale', 'svr__kernel': 'rbf'}, outer CV R2(train): 0.852, R2(test): 0.690
inner CV: R2(test): 0.570, params: {'svr__C': 10, 'svr__epsilon': 0.5, 'svr__gamma': 'scale', 'svr__kernel': 'rbf'}, outer CV R2(train): 0.891, R2(test): 0.564
inner CV: R2(test): 0.574, params: {'svr__C': 100, 'svr__epsilon': 0.5, 'svr__gamma': 'auto', 'svr__kernel': 'rbf'}, outer CV R2(train): 0.882, R2(test): 0.568
inner CV: R2(test): 0.619, params: {'svr__C': 10, 'svr__epsilon': 0.5, 'svr__gamma': 'scale', 'svr__kernel': 'rbf'}, outer CV R2(train): 0.892, R2(test): 0.491
inner CV: R2(test): 0.536, params: {'svr__C': 100, 'svr__epsilon': 0.5, 'svr__gamma': 'auto', 'svr__kernel': 'rbf'}, outer CV R2(train): 0.864, R2(test): 0.635
inner CV: R2(test): 0.480, params: {'svr__C': 10, 'svr__epsilon': 0.5, 'svr__gamma': 'scale', 'svr__kernel': 'rbf'}, outer CV R2(train): 0.876, R2(test): 0.685
inner CV: R2(test): 0.538, params: {'svr__C': 10, 'svr__epsilon': 0.5, 'svr__gamma': 'scale', 'svr__kernel': 'rbf'}, outer CV R2(train): 0.867, R2(test): 0.680
inner CV: R2(test): 0.616, params: {'svr__C': 10, 'svr__epsilon': 0.5, 'svr__gamma': 'auto', 'svr__kernel': 'rbf'}, outer CV R2(train): 0.834, R2(test): 0.554
[SVR] total result = R2(train): 0.861, R2(test): 0.578
---------- XGBoost ----------
params, R2(train), R2(test)
inner CV: R2(test): 0.559, params: {'xgbregressor__colsample_bytree': 0.6, 'xgbregressor__learning_rate': 0.05, 'xgbregressor__max_depth': 2, 'xgbregressor__n_estimators': 200, 'xgbregressor__subsample': 0.8}, outer CV R2(train): 0.854, R2(test): 0.630
inner CV: R2(test): 0.515, params: {'xgbregressor__colsample_bytree': 0.6, 'xgbregressor__learning_rate': 0.05, 'xgbregressor__max_depth': 2, 'xgbregressor__n_estimators': 100, 'xgbregressor__subsample': 0.6}, outer CV R2(train): 0.786, R2(test): 0.443
inner CV: R2(test): 0.559, params: {'xgbregressor__colsample_bytree': 0.6, 'xgbregressor__learning_rate': 0.05, 'xgbregressor__max_depth': 5, 'xgbregressor__n_estimators': 100, 'xgbregressor__subsample': 0.6}, outer CV R2(train): 0.949, R2(test): 0.415
inner CV: R2(test): 0.467, params: {'xgbregressor__colsample_bytree': 0.6, 'xgbregressor__learning_rate': 0.05, 'xgbregressor__max_depth': 5, 'xgbregressor__n_estimators': 100, 'xgbregressor__subsample': 0.6}, outer CV R2(train): 0.923, R2(test): 0.694
inner CV: R2(test): 0.654, params: {'xgbregressor__colsample_bytree': 0.6, 'xgbregressor__learning_rate': 0.05, 'xgbregressor__max_depth': 5, 'xgbregressor__n_estimators': 100, 'xgbregressor__subsample': 0.6}, outer CV R2(train): 0.954, R2(test): 0.521
inner CV: R2(test): 0.584, params: {'xgbregressor__colsample_bytree': 0.6, 'xgbregressor__learning_rate': 0.05, 'xgbregressor__max_depth': 2, 'xgbregressor__n_estimators': 200, 'xgbregressor__subsample': 0.6}, outer CV R2(train): 0.864, R2(test): 0.536
inner CV: R2(test): 0.475, params: {'xgbregressor__colsample_bytree': 0.6, 'xgbregressor__learning_rate': 0.1, 'xgbregressor__max_depth': 2, 'xgbregressor__n_estimators': 100, 'xgbregressor__subsample': 0.8}, outer CV R2(train): 0.843, R2(test): 0.708
inner CV: R2(test): 0.514, params: {'xgbregressor__colsample_bytree': 0.6, 'xgbregressor__learning_rate': 0.05, 'xgbregressor__max_depth': 2, 'xgbregressor__n_estimators': 100, 'xgbregressor__subsample': 0.6}, outer CV R2(train): 0.799, R2(test): 0.566
inner CV: R2(test): 0.585, params: {'xgbregressor__colsample_bytree': 1.0, 'xgbregressor__learning_rate': 0.05, 'xgbregressor__max_depth': 5, 'xgbregressor__n_estimators': 100, 'xgbregressor__subsample': 0.6}, outer CV R2(train): 0.956, R2(test): 0.325
inner CV: R2(test): 0.483, params: {'xgbregressor__colsample_bytree': 0.6, 'xgbregressor__learning_rate': 0.05, 'xgbregressor__max_depth': 5, 'xgbregressor__n_estimators': 100, 'xgbregressor__subsample': 0.6}, outer CV R2(train): 0.923, R2(test): 0.595
inner CV: R2(test): 0.482, params: {'xgbregressor__colsample_bytree': 0.6, 'xgbregressor__learning_rate': 0.05, 'xgbregressor__max_depth': 2, 'xgbregressor__n_estimators': 100, 'xgbregressor__subsample': 0.6}, outer CV R2(train): 0.784, R2(test): 0.629
inner CV: R2(test): 0.605, params: {'xgbregressor__colsample_bytree': 0.6, 'xgbregressor__learning_rate': 0.05, 'xgbregressor__max_depth': 2, 'xgbregressor__n_estimators': 200, 'xgbregressor__subsample': 0.6}, outer CV R2(train): 0.888, R2(test): 0.384
inner CV: R2(test): 0.639, params: {'xgbregressor__colsample_bytree': 0.6, 'xgbregressor__learning_rate': 0.1, 'xgbregressor__max_depth': 5, 'xgbregressor__n_estimators': 50, 'xgbregressor__subsample': 0.8}, outer CV R2(train): 0.965, R2(test): 0.462
inner CV: R2(test): 0.551, params: {'xgbregressor__colsample_bytree': 1.0, 'xgbregressor__learning_rate': 0.05, 'xgbregressor__max_depth': 2, 'xgbregressor__n_estimators': 200, 'xgbregressor__subsample': 0.8}, outer CV R2(train): 0.881, R2(test): 0.547
inner CV: R2(test): 0.586, params: {'xgbregressor__colsample_bytree': 0.6, 'xgbregressor__learning_rate': 0.05, 'xgbregressor__max_depth': 2, 'xgbregressor__n_estimators': 100, 'xgbregressor__subsample': 0.6}, outer CV R2(train): 0.812, R2(test): 0.461
inner CV: R2(test): 0.457, params: {'xgbregressor__colsample_bytree': 0.6, 'xgbregressor__learning_rate': 0.05, 'xgbregressor__max_depth': 2, 'xgbregressor__n_estimators': 200, 'xgbregressor__subsample': 1.0}, outer CV R2(train): 0.841, R2(test): 0.534
inner CV: R2(test): 0.527, params: {'xgbregressor__colsample_bytree': 0.8, 'xgbregressor__learning_rate': 0.05, 'xgbregressor__max_depth': 2, 'xgbregressor__n_estimators': 100, 'xgbregressor__subsample': 0.6}, outer CV R2(train): 0.794, R2(test): 0.552
inner CV: R2(test): 0.611, params: {'xgbregressor__colsample_bytree': 0.6, 'xgbregressor__learning_rate': 0.05, 'xgbregressor__max_depth': 5, 'xgbregressor__n_estimators': 100, 'xgbregressor__subsample': 0.6}, outer CV R2(train): 0.950, R2(test): 0.522
inner CV: R2(test): 0.504, params: {'xgbregressor__colsample_bytree': 1.0, 'xgbregressor__learning_rate': 0.1, 'xgbregressor__max_depth': 2, 'xgbregressor__n_estimators': 200, 'xgbregressor__subsample': 0.8}, outer CV R2(train): 0.922, R2(test): 0.560
inner CV: R2(test): 0.528, params: {'xgbregressor__colsample_bytree': 0.8, 'xgbregressor__learning_rate': 0.05, 'xgbregressor__max_depth': 5, 'xgbregressor__n_estimators': 100, 'xgbregressor__subsample': 0.6}, outer CV R2(train): 0.945, R2(test): 0.577
inner CV: R2(test): 0.532, params: {'xgbregressor__colsample_bytree': 0.8, 'xgbregressor__learning_rate': 0.05, 'xgbregressor__max_depth': 2, 'xgbregressor__n_estimators': 100, 'xgbregressor__subsample': 0.6}, outer CV R2(train): 0.810, R2(test): 0.534
inner CV: R2(test): 0.522, params: {'xgbregressor__colsample_bytree': 0.8, 'xgbregressor__learning_rate': 0.05, 'xgbregressor__max_depth': 2, 'xgbregressor__n_estimators': 200, 'xgbregressor__subsample': 0.8}, outer CV R2(train): 0.862, R2(test): 0.634
inner CV: R2(test): 0.515, params: {'xgbregressor__colsample_bytree': 0.6, 'xgbregressor__learning_rate': 0.05, 'xgbregressor__max_depth': 2, 'xgbregressor__n_estimators': 200, 'xgbregressor__subsample': 0.6}, outer CV R2(train): 0.839, R2(test): 0.669
inner CV: R2(test): 0.555, params: {'xgbregressor__colsample_bytree': 0.6, 'xgbregressor__learning_rate': 0.1, 'xgbregressor__max_depth': 5, 'xgbregressor__n_estimators': 50, 'xgbregressor__subsample': 0.6}, outer CV R2(train): 0.940, R2(test): 0.564
inner CV: R2(test): 0.517, params: {'xgbregressor__colsample_bytree': 1.0, 'xgbregressor__learning_rate': 0.1, 'xgbregressor__max_depth': 2, 'xgbregressor__n_estimators': 100, 'xgbregressor__subsample': 0.8}, outer CV R2(train): 0.892, R2(test): 0.524
inner CV: R2(test): 0.614, params: {'xgbregressor__colsample_bytree': 0.8, 'xgbregressor__learning_rate': 0.05, 'xgbregressor__max_depth': 2, 'xgbregressor__n_estimators': 200, 'xgbregressor__subsample': 1.0}, outer CV R2(train): 0.877, R2(test): 0.402
inner CV: R2(test): 0.534, params: {'xgbregressor__colsample_bytree': 0.8, 'xgbregressor__learning_rate': 0.05, 'xgbregressor__max_depth': 2, 'xgbregressor__n_estimators': 200, 'xgbregressor__subsample': 0.6}, outer CV R2(train): 0.851, R2(test): 0.604
inner CV: R2(test): 0.425, params: {'xgbregressor__colsample_bytree': 0.6, 'xgbregressor__learning_rate': 0.05, 'xgbregressor__max_depth': 5, 'xgbregressor__n_estimators': 100, 'xgbregressor__subsample': 0.6}, outer CV R2(train): 0.927, R2(test): 0.714
inner CV: R2(test): 0.503, params: {'xgbregressor__colsample_bytree': 1.0, 'xgbregressor__learning_rate': 0.05, 'xgbregressor__max_depth': 2, 'xgbregressor__n_estimators': 100, 'xgbregressor__subsample': 0.6}, outer CV R2(train): 0.789, R2(test): 0.586
inner CV: R2(test): 0.601, params: {'xgbregressor__colsample_bytree': 0.6, 'xgbregressor__learning_rate': 0.1, 'xgbregressor__max_depth': 2, 'xgbregressor__n_estimators': 50, 'xgbregressor__subsample': 0.6}, outer CV R2(train): 0.824, R2(test): 0.536
[XGBoost] total result = R2(train): 0.875, R2(test): 0.547
---------- LightGBM ----------
params, R2(train), R2(test)
inner CV: R2(test): 0.506, params: {'lgbmregressor__colsample_bytree': 0.8, 'lgbmregressor__learning_rate': 0.1, 'lgbmregressor__max_depth': 3, 'lgbmregressor__n_estimators': 200, 'lgbmregressor__subsample': 0.6}, outer CV R2(train): 0.821, R2(test): 0.621
inner CV: R2(test): 0.529, params: {'lgbmregressor__colsample_bytree': 0.8, 'lgbmregressor__learning_rate': 0.1, 'lgbmregressor__max_depth': 3, 'lgbmregressor__n_estimators': 200, 'lgbmregressor__subsample': 0.6}, outer CV R2(train): 0.793, R2(test): 0.518
inner CV: R2(test): 0.498, params: {'lgbmregressor__colsample_bytree': 0.8, 'lgbmregressor__learning_rate': 0.1, 'lgbmregressor__max_depth': 3, 'lgbmregressor__n_estimators': 200, 'lgbmregressor__subsample': 0.6}, outer CV R2(train): 0.838, R2(test): 0.493
inner CV: R2(test): 0.445, params: {'lgbmregressor__colsample_bytree': 0.6, 'lgbmregressor__learning_rate': 0.05, 'lgbmregressor__max_depth': 3, 'lgbmregressor__n_estimators': 200, 'lgbmregressor__subsample': 0.6}, outer CV R2(train): 0.699, R2(test): 0.703
inner CV: R2(test): 0.488, params: {'lgbmregressor__colsample_bytree': 1.0, 'lgbmregressor__learning_rate': 0.1, 'lgbmregressor__max_depth': 3, 'lgbmregressor__n_estimators': 200, 'lgbmregressor__subsample': 0.6}, outer CV R2(train): 0.850, R2(test): 0.553
inner CV: R2(test): 0.536, params: {'lgbmregressor__colsample_bytree': 0.6, 'lgbmregressor__learning_rate': 0.1, 'lgbmregressor__max_depth': 3, 'lgbmregressor__n_estimators': 200, 'lgbmregressor__subsample': 0.6}, outer CV R2(train): 0.822, R2(test): 0.402
inner CV: R2(test): 0.404, params: {'lgbmregressor__colsample_bytree': 0.6, 'lgbmregressor__learning_rate': 0.1, 'lgbmregressor__max_depth': 3, 'lgbmregressor__n_estimators': 200, 'lgbmregressor__subsample': 0.6}, outer CV R2(train): 0.794, R2(test): 0.665
inner CV: R2(test): 0.508, params: {'lgbmregressor__colsample_bytree': 1.0, 'lgbmregressor__learning_rate': 0.1, 'lgbmregressor__max_depth': 3, 'lgbmregressor__n_estimators': 200, 'lgbmregressor__subsample': 0.6}, outer CV R2(train): 0.828, R2(test): 0.515
inner CV: R2(test): 0.509, params: {'lgbmregressor__colsample_bytree': 1.0, 'lgbmregressor__learning_rate': 0.1, 'lgbmregressor__max_depth': 3, 'lgbmregressor__n_estimators': 200, 'lgbmregressor__subsample': 0.6}, outer CV R2(train): 0.836, R2(test): 0.523
inner CV: R2(test): 0.432, params: {'lgbmregressor__colsample_bytree': 0.8, 'lgbmregressor__learning_rate': 0.1, 'lgbmregressor__max_depth': 3, 'lgbmregressor__n_estimators': 200, 'lgbmregressor__subsample': 0.6}, outer CV R2(train): 0.790, R2(test): 0.489
inner CV: R2(test): 0.487, params: {'lgbmregressor__colsample_bytree': 0.6, 'lgbmregressor__learning_rate': 0.1, 'lgbmregressor__max_depth': 3, 'lgbmregressor__n_estimators': 200, 'lgbmregressor__subsample': 0.6}, outer CV R2(train): 0.800, R2(test): 0.642
inner CV: R2(test): 0.493, params: {'lgbmregressor__colsample_bytree': 0.6, 'lgbmregressor__learning_rate': 0.1, 'lgbmregressor__max_depth': 3, 'lgbmregressor__n_estimators': 200, 'lgbmregressor__subsample': 0.6}, outer CV R2(train): 0.868, R2(test): 0.404
inner CV: R2(test): 0.535, params: {'lgbmregressor__colsample_bytree': 0.6, 'lgbmregressor__learning_rate': 0.1, 'lgbmregressor__max_depth': 3, 'lgbmregressor__n_estimators': 200, 'lgbmregressor__subsample': 0.6}, outer CV R2(train): 0.833, R2(test): 0.474
inner CV: R2(test): 0.487, params: {'lgbmregressor__colsample_bytree': 1.0, 'lgbmregressor__learning_rate': 0.1, 'lgbmregressor__max_depth': 3, 'lgbmregressor__n_estimators': 200, 'lgbmregressor__subsample': 0.6}, outer CV R2(train): 0.816, R2(test): 0.573
inner CV: R2(test): 0.572, params: {'lgbmregressor__colsample_bytree': 0.6, 'lgbmregressor__learning_rate': 0.1, 'lgbmregressor__max_depth': 3, 'lgbmregressor__n_estimators': 200, 'lgbmregressor__subsample': 0.6}, outer CV R2(train): 0.842, R2(test): 0.272
inner CV: R2(test): 0.322, params: {'lgbmregressor__colsample_bytree': 0.6, 'lgbmregressor__learning_rate': 0.1, 'lgbmregressor__max_depth': 3, 'lgbmregressor__n_estimators': 200, 'lgbmregressor__subsample': 0.6}, outer CV R2(train): 0.800, R2(test): 0.543
inner CV: R2(test): 0.501, params: {'lgbmregressor__colsample_bytree': 0.6, 'lgbmregressor__learning_rate': 0.1, 'lgbmregressor__max_depth': 3, 'lgbmregressor__n_estimators': 200, 'lgbmregressor__subsample': 0.6}, outer CV R2(train): 0.800, R2(test): 0.503
inner CV: R2(test): 0.566, params: {'lgbmregressor__colsample_bytree': 0.6, 'lgbmregressor__learning_rate': 0.1, 'lgbmregressor__max_depth': 3, 'lgbmregressor__n_estimators': 200, 'lgbmregressor__subsample': 0.6}, outer CV R2(train): 0.849, R2(test): 0.453
inner CV: R2(test): 0.426, params: {'lgbmregressor__colsample_bytree': 0.8, 'lgbmregressor__learning_rate': 0.1, 'lgbmregressor__max_depth': 3, 'lgbmregressor__n_estimators': 200, 'lgbmregressor__subsample': 0.6}, outer CV R2(train): 0.808, R2(test): 0.608
inner CV: R2(test): 0.459, params: {'lgbmregressor__colsample_bytree': 1.0, 'lgbmregressor__learning_rate': 0.1, 'lgbmregressor__max_depth': 3, 'lgbmregressor__n_estimators': 200, 'lgbmregressor__subsample': 0.6}, outer CV R2(train): 0.822, R2(test): 0.581
inner CV: R2(test): 0.519, params: {'lgbmregressor__colsample_bytree': 0.6, 'lgbmregressor__learning_rate': 0.1, 'lgbmregressor__max_depth': 3, 'lgbmregressor__n_estimators': 200, 'lgbmregressor__subsample': 0.6}, outer CV R2(train): 0.817, R2(test): 0.542
inner CV: R2(test): 0.469, params: {'lgbmregressor__colsample_bytree': 1.0, 'lgbmregressor__learning_rate': 0.1, 'lgbmregressor__max_depth': 3, 'lgbmregressor__n_estimators': 200, 'lgbmregressor__subsample': 0.6}, outer CV R2(train): 0.820, R2(test): 0.461
inner CV: R2(test): 0.491, params: {'lgbmregressor__colsample_bytree': 0.6, 'lgbmregressor__learning_rate': 0.1, 'lgbmregressor__max_depth': 3, 'lgbmregressor__n_estimators': 200, 'lgbmregressor__subsample': 0.6}, outer CV R2(train): 0.800, R2(test): 0.635
inner CV: R2(test): 0.482, params: {'lgbmregressor__colsample_bytree': 0.6, 'lgbmregressor__learning_rate': 0.1, 'lgbmregressor__max_depth': 3, 'lgbmregressor__n_estimators': 200, 'lgbmregressor__subsample': 0.6}, outer CV R2(train): 0.826, R2(test): 0.609
inner CV: R2(test): 0.507, params: {'lgbmregressor__colsample_bytree': 1.0, 'lgbmregressor__learning_rate': 0.1, 'lgbmregressor__max_depth': 3, 'lgbmregressor__n_estimators': 200, 'lgbmregressor__subsample': 0.6}, outer CV R2(train): 0.852, R2(test): 0.544
inner CV: R2(test): 0.503, params: {'lgbmregressor__colsample_bytree': 1.0, 'lgbmregressor__learning_rate': 0.1, 'lgbmregressor__max_depth': 3, 'lgbmregressor__n_estimators': 200, 'lgbmregressor__subsample': 0.6}, outer CV R2(train): 0.823, R2(test): 0.522
inner CV: R2(test): 0.477, params: {'lgbmregressor__colsample_bytree': 0.6, 'lgbmregressor__learning_rate': 0.1, 'lgbmregressor__max_depth': 3, 'lgbmregressor__n_estimators': 200, 'lgbmregressor__subsample': 0.6}, outer CV R2(train): 0.817, R2(test): 0.641
inner CV: R2(test): 0.352, params: {'lgbmregressor__colsample_bytree': 0.6, 'lgbmregressor__learning_rate': 0.1, 'lgbmregressor__max_depth': 3, 'lgbmregressor__n_estimators': 200, 'lgbmregressor__subsample': 0.6}, outer CV R2(train): 0.783, R2(test): 0.707
inner CV: R2(test): 0.477, params: {'lgbmregressor__colsample_bytree': 0.8, 'lgbmregressor__learning_rate': 0.1, 'lgbmregressor__max_depth': 3, 'lgbmregressor__n_estimators': 100, 'lgbmregressor__subsample': 0.6}, outer CV R2(train): 0.761, R2(test): 0.613
inner CV: R2(test): 0.584, params: {'lgbmregressor__colsample_bytree': 0.8, 'lgbmregressor__learning_rate': 0.1, 'lgbmregressor__max_depth': 3, 'lgbmregressor__n_estimators': 200, 'lgbmregressor__subsample': 0.6}, outer CV R2(train): 0.837, R2(test): 0.516
[LightGBM] total result = R2(train): 0.815, R2(test): 0.544
---------- HistGB ----------
params, R2(train), R2(test)
inner CV: R2(test): 0.356, params: {'histgradientboostingregressor__l2_regularization': 0.0, 'histgradientboostingregressor__learning_rate': 0.2, 'histgradientboostingregressor__max_depth': 7, 'histgradientboostingregressor__max_iter': 100}, outer CV R2(train): 0.740, R2(test): 0.601
inner CV: R2(test): 0.417, params: {'histgradientboostingregressor__l2_regularization': 0.0, 'histgradientboostingregressor__learning_rate': 0.2, 'histgradientboostingregressor__max_depth': 3, 'histgradientboostingregressor__max_iter': 100}, outer CV R2(train): 0.651, R2(test): 0.441